0 0
0.00912421 2.44717e-14
0.0182484 4.83351e-14
0.038391 1.00285e-13
0.0585336 1.51545e-13
0.0786762 2.02218e-13
0.11776 2.99231e-13
0.156843 3.94622e-13
0.215838 5.35713e-13
0.274833 6.73398e-13
0.333828 8.07653e-13
0.44821 1.05782e-12
0.562591 1.29428e-12
0.676973 1.51674e-12
0.902021 1.91395e-12
1.12707 2.25981e-12
1.35212 2.55878e-12
1.57717 2.8156e-12
1.94143 3.15432e-12
2.30569 3.41423e-12
2.66995 3.61052e-12
3.03421 3.75655e-12
3.39847 3.86315e-12
3.76273 3.93856e-12
4.127 3.98913e-12
4.76249 4.03301e-12
5.39799 4.03739e-12
6.03348 4.01537e-12
6.66897 3.97554e-12
7.30447 3.924e-12
7.93996 3.86513e-12
8.57546 3.80175e-12
9.21095 3.73559e-12
9.84645 3.66778e-12
10.4819 3.59916e-12
11.5925 3.47905e-12
12.703 3.3604e-12
13.8135 3.24436e-12
14.9241 3.13142e-12
17.77 2.85892e-12
20.6159 2.61086e-12
23.4618 2.38402e-12
26.3077 2.17566e-12
29.1537 1.98467e-12
36.7804 1.54974e-12
44.4072 1.21123e-12
52.0339 9.50465e-13
66.6411 6.09116e-13
98.6112 2.01662e-13
148.906 -6.39568e-15
234.189 -4.48625e-14
487.445 5.24598e-14
700 6.40097e-14
700 6.40097e-14
700.001 6.40098e-14
700.003 6.40099e-14
700.006 6.40103e-14
700.01 6.40106e-14
700.014 6.4011e-14
700.021 6.40117e-14
700.029 6.40125e-14
700.037 6.40132e-14
700.044 6.4014e-14
700.052 6.40148e-14
700.06 6.40157e-14
700.067 6.40166e-14
700.075 6.40176e-14
700.083 6.40187e-14
700.091 6.40199e-14
700.103 6.40221e-14
700.116 6.40246e-14
700.138 6.40301e-14
700.161 6.40372e-14
700.183 6.40465e-14
700.205 6.40585e-14
700.227 6.40737e-14
700.267 6.41111e-14
700.307 6.41663e-14
700.347 6.42457e-14
700.417 6.44787e-14
700.488 6.4898e-14
700.559 6.56335e-14
700.63 6.69034e-14
700.741 7.09118e-14
700.851 7.97778e-14
700.962 9.83759e-14
701.073 1.35242e-13
701.183 2.04652e-13
701.294 3.28739e-13
701.322 3.71728e-13
701.349 4.20742e-13
701.377 4.7649e-13
701.403 5.36315e-13
701.43 6.03629e-13
701.436 6.21716e-13
701.443 6.40334e-13
701.454 6.73425e-13
701.465 7.08186e-13
701.471 7.2746e-13
701.477 7.47246e-13
701.483 7.6756e-13
701.486 7.78462e-13
701.489 7.89516e-13
701.493 8.00725e-13
701.494 8.07603e-13
701.496 8.14539e-13
701.498 8.21536e-13
701.5 8.28592e-13
701.501 8.32771e-13
701.502 8.36971e-13
701.504 8.41192e-13
701.505 8.45436e-13
701.506 8.49701e-13
701.507 8.53988e-13
701.508 8.58298e-13
701.509 8.62631e-13
701.51 8.66987e-13
701.511 8.69573e-13
701.512 8.72166e-13
701.512 8.74769e-13
701.513 8.76343e-13
701.513 8.7792e-13
701.513 8.79501e-13
701.514 8.81085e-13
701.514 8.82672e-13
701.515 8.84262e-13
701.515 8.85856e-13
701.515 8.87453e-13
701.516 8.89054e-13
701.516 8.90658e-13
701.517 8.92266e-13
701.517 8.93878e-13
701.517 8.95493e-13
701.518 8.97113e-13
701.518 8.98736e-13
701.519 9.00364e-13
701.519 9.01996e-13
701.519 9.03632e-13
701.52 9.07146e-13
701.521 9.09181e-13
701.521 9.11225e-13
701.522 9.13276e-13
701.522 9.15335e-13
701.523 9.17402e-13
701.523 9.19478e-13
701.524 9.21563e-13
701.524 9.23657e-13
701.525 9.25761e-13
701.526 9.29111e-13
701.526 9.32488e-13
701.527 9.35892e-13
701.529 9.4356e-13
701.531 9.5139e-13
701.532 9.59401e-13
701.534 9.67615e-13
701.537 9.83347e-13
701.54 1.00004e-12
701.544 1.01791e-12
701.547 1.03723e-12
701.55 1.05836e-12
701.553 1.08174e-12
701.558 1.12507e-12
701.563 1.17871e-12
701.569 1.24729e-12
701.574 1.33785e-12
701.579 1.46114e-12
701.587 1.78709e-12
701.595 2.39697e-12
701.604 3.57757e-12
701.612 5.93141e-12
701.62 1.0725e-11
701.629 2.06334e-11
701.637 4.13845e-11
701.65 1.34423e-10
701.658 2.76356e-10
701.666 5.734e-10
701.675 1.1934e-09
701.683 2.44431e-09
701.691 4.8412e-09
701.699 9.15688e-09
701.707 1.64446e-08
701.716 2.80324e-08
701.729 5.9433e-08
701.742 1.13236e-07
701.75 1.59291e-07
701.757 2.18084e-07
701.765 2.91652e-07
701.773 3.82104e-07
701.781 4.9164e-07
701.788 6.22566e-07
701.796 7.773e-07
701.808 1.07434e-06
701.821 1.44669e-06
701.833 1.90533e-06
701.845 2.462e-06
701.857 3.12917e-06
701.87 3.92004e-06
701.882 4.84857e-06
701.894 5.92946e-06
701.906 7.17821e-06
701.918 8.61107e-06
701.931 1.0245e-05
701.943 1.20979e-05
701.964 1.58958e-05
701.985 2.05139e-05
702.007 2.60592e-05
702.028 3.26418e-05
702.049 4.03712e-05
702.07 4.93509e-05
702.091 5.96677e-05
702.113 7.13789e-05
702.134 8.44974e-05
702.155 9.89776e-05
702.176 0.000114702
702.198 0.000131503
702.219 0.000149165
702.24 0.00016747
702.261 0.00018622
702.274 0.000197497
702.282 0.000205121
702.291 0.000212771
702.299 0.00022044
702.308 0.000228123
702.317 0.000236454
702.326 0.000244793
702.335 0.000253138
702.341 0.000258105
702.346 0.000263074
702.352 0.000268043
702.357 0.000273013
702.363 0.000277983
702.368 0.000282953
702.374 0.000287923
702.381 0.000294509
702.388 0.000301093
702.396 0.000307673
702.403 0.000314249
702.41 0.000320819
702.417 0.000327383
702.424 0.000333938
702.442 0.000349439
702.459 0.000364873
702.476 0.000380224
702.493 0.000395476
702.51 0.000410612
702.528 0.00042562
702.545 0.000440489
702.562 0.000455211
702.579 0.000469777
702.596 0.000484184
702.614 0.000498428
702.631 0.000512507
702.648 0.00052642
702.676 0.000548955
702.704 0.00057104
702.733 0.000592677
702.761 0.00061387
702.789 0.00063462
702.818 0.000654934
702.846 0.000674814
702.904 0.000714606
702.963 0.000752599
703.021 0.000788837
703.08 0.000823374
703.139 0.000856265
703.197 0.000887572
703.256 0.000917355
703.314 0.000945677
703.404 0.000986588
703.495 0.0010244
703.585 0.00105931
703.675 0.00109152
703.765 0.00112122
703.855 0.00114859
703.945 0.00117378
704.102 0.0012128
704.259 0.00124645
704.415 0.00127536
704.572 0.00130009
704.728 0.00132113
704.885 0.00133892
705.042 0.00135384
705.198 0.00136622
705.457 0.00138187
705.715 0.00139254
705.973 0.00139913
706.232 0.00140239
706.631 0.00140226
707.03 0.00139735
707.43 0.00138899
707.829 0.00137814
708.228 0.00136551
708.628 0.00135161
709.027 0.00133682
709.426 0.00132143
709.826 0.00130567
710.487 0.00127909
711.149 0.00125235
711.811 0.00122573
712.473 0.00119942
713.134 0.00117352
714.178 0.00113364
715.222 0.00109501
716.266 0.00105764
717.906 0.00100142
719.547 0.000948181
722.236 0.000866981
726.318 0.000756896
730.399 0.000660768
734.48 0.000576811
738.561 0.000503501
742.642 0.000439502
746.723 0.000383638
750.804 0.000334876
757.532 0.000267728
764.261 0.000214112
768.506 0.000185901
772.752 0.000161388
776.997 0.000140104
781.243 0.000121627
785.488 0.000105589
789.734 9.16664e-05
793.979 7.95798e-05
798.225 6.90869e-05
802.471 5.99776e-05
806.716 5.20695e-05
810.962 4.52042e-05
815.207 3.92443e-05
819.453 3.40705e-05
819.718 3.37705e-05
819.784 3.36959e-05
819.851 3.36215e-05
819.917 3.35473e-05
820.037 3.34139e-05
820.156 3.3281e-05
820.276 3.31486e-05
820.395 3.30168e-05
820.515 3.28854e-05
820.635 3.27547e-05
820.754 3.26244e-05
820.819 3.25544e-05
820.883 3.24845e-05
820.948 3.24148e-05
820.983 3.23766e-05
821.018 3.23384e-05
821.054 3.23003e-05
821.089 3.22623e-05
821.098 3.22528e-05
821.107 3.22433e-05
821.116 3.22338e-05
821.139 3.22083e-05
821.153 3.21935e-05
821.167 3.21786e-05
821.181 3.21638e-05
821.188 3.21557e-05
821.196 3.21477e-05
821.203 3.21397e-05
821.207 3.21352e-05
821.212 3.21308e-05
821.216 3.21263e-05
821.218 3.21236e-05
821.221 3.21209e-05
821.223 3.21181e-05
821.226 3.21154e-05
821.229 3.21126e-05
821.23 3.21111e-05
821.231 3.21096e-05
821.233 3.2108e-05
821.234 3.21065e-05
821.236 3.2105e-05
821.238 3.21026e-05
821.24 3.21002e-05
821.241 3.20989e-05
821.243 3.20976e-05
821.244 3.20962e-05
821.245 3.20947e-05
821.247 3.20933e-05
821.248 3.20922e-05
821.249 3.20912e-05
821.25 3.20902e-05
821.25 3.20892e-05
821.251 3.20882e-05
821.253 3.20865e-05
821.254 3.20855e-05
821.255 3.20844e-05
821.256 3.20833e-05
821.257 3.20822e-05
821.258 3.20811e-05
821.259 3.208e-05
821.261 3.20784e-05
821.262 3.20767e-05
821.264 3.2075e-05
821.265 3.20733e-05
821.267 3.20717e-05
821.268 3.207e-05
821.27 3.20683e-05
821.272 3.20666e-05
821.273 3.20649e-05
821.276 3.20622e-05
821.278 3.20595e-05
821.281 3.20568e-05
821.283 3.20541e-05
821.288 3.20487e-05
821.293 3.20434e-05
821.297 3.20394e-05
821.301 3.20355e-05
821.304 3.20315e-05
821.308 3.20276e-05
821.312 3.20236e-05
821.316 3.20197e-05
821.319 3.20157e-05
821.323 3.20118e-05
821.327 3.20079e-05
821.33 3.20039e-05
821.334 3.2e-05
821.338 3.1996e-05
821.345 3.19881e-05
821.35 3.19828e-05
821.355 3.19775e-05
821.36 3.19722e-05
821.365 3.1967e-05
821.37 3.19617e-05
821.375 3.19564e-05
821.38 3.19511e-05
821.385 3.19459e-05
821.39 3.19406e-05
821.399 3.1931e-05
821.408 3.19215e-05
821.417 3.1912e-05
821.426 3.19028e-05
821.435 3.1894e-05
821.444 3.18859e-05
821.453 3.1879e-05
821.463 3.18741e-05
821.472 3.18724e-05
821.487 3.18805e-05
821.502 3.19098e-05
821.517 3.19708e-05
821.533 3.20766e-05
821.548 3.22423e-05
821.563 3.24847e-05
821.578 3.28229e-05
821.594 3.32786e-05
821.609 3.38765e-05
821.624 3.4643e-05
821.639 3.56066e-05
821.654 3.67976e-05
821.67 3.82485e-05
821.685 3.99932e-05
821.7 4.20662e-05
821.715 4.45021e-05
821.731 4.73345e-05
821.746 5.05951e-05
821.761 5.43118e-05
821.776 5.85066e-05
821.792 6.31931e-05
821.807 6.83746e-05
821.822 7.40412e-05
821.837 8.0169e-05
821.853 8.67206e-05
821.868 9.36478e-05
821.883 0.000100895
821.894 0.000106363
821.905 0.000111949
821.916 0.000117631
821.928 0.000123392
821.939 0.000129215
821.95 0.000135086
821.958 0.000139257
821.966 0.000143444
821.973 0.000147642
821.981 0.00015185
821.989 0.000156064
821.995 0.000159079
822 0.000162095
822.006 0.000165113
822.012 0.000168131
822.017 0.000171149
822.023 0.000174165
822.029 0.000177181
822.034 0.000180195
822.04 0.000183207
822.049 0.000188187
822.059 0.000193158
822.068 0.00019812
822.077 0.00020307
822.094 0.000212238
822.112 0.000221353
822.129 0.000230409
822.155 0.000243606
822.18 0.000256638
822.206 0.000269489
822.231 0.000282143
822.257 0.000294594
822.282 0.000306835
822.307 0.000318862
822.333 0.000330675
822.376 0.000349949
822.418 0.00036863
822.461 0.000386726
822.503 0.000404246
822.546 0.0004212
822.589 0.000437598
822.631 0.000453452
822.702 0.000478771
822.774 0.000502657
822.845 0.000525168
822.916 0.000546366
822.987 0.000566315
823.059 0.000585079
823.13 0.000602719
823.201 0.000619294
823.317 0.000644214
823.434 0.000666681
823.55 0.000686911
823.666 0.000705101
823.782 0.000721431
823.899 0.000736066
824.079 0.000755795
824.26 0.000772287
824.441 0.000785973
824.622 0.000797224
824.802 0.000806364
824.983 0.000813671
825.26 0.000821843
825.536 0.000827011
825.812 0.000829753
826.089 0.000830538
826.365 0.000829748
826.642 0.000827691
826.918 0.000824619
827.368 0.000817969
827.818 0.000809833
828.267 0.000800679
828.717 0.000790838
829.167 0.000780554
829.881 0.000763741
830.595 0.000746713
831.309 0.000729714
832.023 0.000712884
833.541 0.000678003
836.363 0.00061684
839.185 0.000561042
842.007 0.000510463
844.829 0.000464582
847.652 0.000422883
850.474 0.000384936
853.296 0.000350391
856.118 0.000318941
858.94 0.000290312
861.763 0.000264252
864.585 0.000240532
867.407 0.000218941
870.229 0.000199288
875.761 0.000165762
881.292 0.000137897
886.824 0.000114722
892.355 9.54425e-05
897.887 7.94014e-05
903.419 6.60557e-05
908.95 5.4953e-05
914.482 4.57166e-05
920.013 3.80331e-05
921.396 3.63202e-05
921.742 3.59041e-05
922.088 3.54928e-05
922.433 3.50862e-05
922.779 3.46843e-05
923.125 3.4287e-05
923.211 3.41883e-05
923.298 3.409e-05
923.384 3.3992e-05
923.52 3.38382e-05
923.656 3.36852e-05
923.792 3.35328e-05
923.928 3.33811e-05
924.064 3.32302e-05
924.2 3.30799e-05
924.336 3.29303e-05
924.37 3.2893e-05
924.404 3.28557e-05
924.438 3.28185e-05
924.472 3.27813e-05
924.527 3.27217e-05
924.54 3.27068e-05
924.554 3.26919e-05
924.589 3.26545e-05
924.597 3.26451e-05
924.606 3.26358e-05
924.621 3.26195e-05
924.629 3.26104e-05
924.637 3.26013e-05
924.651 3.25863e-05
924.665 3.25713e-05
924.679 3.25563e-05
924.693 3.25413e-05
924.696 3.25376e-05
924.7 3.25338e-05
924.707 3.25258e-05
924.714 3.25177e-05
924.718 3.25135e-05
924.722 3.25092e-05
924.726 3.25049e-05
924.729 3.25022e-05
924.731 3.24996e-05
924.734 3.24969e-05
924.736 3.24942e-05
924.739 3.24915e-05
924.74 3.24899e-05
924.741 3.24884e-05
924.743 3.24869e-05
924.744 3.24854e-05
924.746 3.24838e-05
924.747 3.24823e-05
924.749 3.24808e-05
924.75 3.24792e-05
924.751 3.24783e-05
924.752 3.24773e-05
924.753 3.24763e-05
924.754 3.24754e-05
924.754 3.24744e-05
924.755 3.24734e-05
924.756 3.24725e-05
924.757 3.24715e-05
924.758 3.24706e-05
924.759 3.24696e-05
924.76 3.24686e-05
924.761 3.24677e-05
924.762 3.24667e-05
924.762 3.24657e-05
924.763 3.24648e-05
924.764 3.24638e-05
924.765 3.24628e-05
924.766 3.24614e-05
924.768 3.24599e-05
924.769 3.24585e-05
924.771 3.2457e-05
924.772 3.24555e-05
924.773 3.24539e-05
924.776 3.2451e-05
924.778 3.24493e-05
924.779 3.24476e-05
924.781 3.24458e-05
924.782 3.24441e-05
924.784 3.24424e-05
924.786 3.24407e-05
924.787 3.2439e-05
924.79 3.24357e-05
924.793 3.24325e-05
924.796 3.24293e-05
924.799 3.2426e-05
924.807 3.2418e-05
924.814 3.24101e-05
924.821 3.24021e-05
924.829 3.23941e-05
924.836 3.23861e-05
924.844 3.23781e-05
924.851 3.23701e-05
924.858 3.23622e-05
924.866 3.23542e-05
924.873 3.23462e-05
924.881 3.23382e-05
924.888 3.23307e-05
924.895 3.23232e-05
924.902 3.23156e-05
924.909 3.23081e-05
924.916 3.23007e-05
924.923 3.22932e-05
924.93 3.22859e-05
924.937 3.22788e-05
924.948 3.22677e-05
924.96 3.22581e-05
924.971 3.22511e-05
924.982 3.22486e-05
924.994 3.22534e-05
925.005 3.22689e-05
925.016 3.22994e-05
925.028 3.23496e-05
925.039 3.2425e-05
925.051 3.25315e-05
925.062 3.2676e-05
925.083 3.30779e-05
925.105 3.36984e-05
925.126 3.46039e-05
925.148 3.58697e-05
925.169 3.75787e-05
925.191 3.98212e-05
925.212 4.26922e-05
925.233 4.62881e-05
925.255 5.07006e-05
925.276 5.60096e-05
925.29 5.9948e-05
925.299 6.27939e-05
925.309 6.58211e-05
925.318 6.90283e-05
925.327 7.24128e-05
925.336 7.59695e-05
925.343 7.86659e-05
925.35 8.14469e-05
925.356 8.4309e-05
925.363 8.72326e-05
925.37 9.02279e-05
925.376 9.32903e-05
925.383 9.6415e-05
925.391 0.000100221
925.399 0.000104101
925.407 0.000108046
925.415 0.000112048
925.423 0.0001161
925.431 0.000120195
925.439 0.000124326
925.447 0.000128488
925.455 0.000132675
925.463 0.000136884
925.471 0.00014111
925.479 0.00014535
925.487 0.0001496
925.495 0.000153859
925.503 0.000158124
925.511 0.000162392
925.519 0.000166662
925.527 0.000170932
925.535 0.000175201
925.543 0.000179467
925.551 0.000183729
925.559 0.000187986
925.567 0.000192236
925.575 0.000196479
925.583 0.000200714
925.591 0.000204941
925.599 0.000209157
925.607 0.000213363
925.619 0.000219667
925.631 0.000225943
925.643 0.000232188
925.655 0.000238401
925.667 0.000244579
925.679 0.00025072
925.7 0.0002614
925.721 0.000271953
925.742 0.00028237
925.763 0.000292647
925.784 0.000302782
925.805 0.000312771
925.826 0.000322615
925.861 0.000338834
925.897 0.000354643
925.932 0.000370045
925.968 0.000385045
926.003 0.000399648
926.038 0.000413861
926.074 0.000427688
926.14 0.00045251
926.206 0.000476048
926.272 0.000498346
926.338 0.000519453
926.405 0.000539419
926.471 0.000558293
926.537 0.000576127
926.603 0.00059297
926.669 0.00060887
926.735 0.000623875
926.836 0.00064516
926.937 0.000664612
927.038 0.000682371
927.192 0.000706413
927.345 0.000727259
927.499 0.000745275
927.652 0.000760786
927.806 0.00077408
927.96 0.00078541
928.113 0.000794999
928.346 0.00080664
928.578 0.000815331
928.81 0.000821559
929.043 0.000825731
929.275 0.000828188
929.626 0.000829273
929.978 0.000827877
930.329 0.000824598
930.68 0.000819892
931.031 0.000814114
931.382 0.000807538
931.929 0.000796199
932.476 0.000783999
933.023 0.000771299
933.57 0.000758342
934.479 0.000736624
936.354 0.000692215
938.229 0.000649855
940.104 0.000610184
941.98 0.000573103
943.855 0.000538365
945.73 0.000505757
947.605 0.000475123
949.481 0.000446339
951.356 0.000419296
954.423 0.000378472
960.301 0.000310566
962.996 0.00028378
965.691 0.000259322
968.386 0.000236978
971.08 0.000216562
973.775 0.000197905
978.552 0.000168583
983.329 0.000143569
988.106 0.000122253
992.883 0.000104097
997.66 8.86363e-05
1002.44 7.54712e-05
1009.82 5.88839e-05
1017.2 4.60125e-05
1019.04 4.32688e-05
1020.89 4.0689e-05
1022.73 3.82628e-05
1024.58 3.59813e-05
1025.04 3.54325e-05
1025.5 3.4892e-05
1025.96 3.43598e-05
1026.07 3.4228e-05
1026.19 3.40968e-05
1026.3 3.3966e-05
1026.42 3.38357e-05
1026.54 3.3706e-05
1026.71 3.35061e-05
1026.89 3.33075e-05
1027.07 3.311e-05
1027.25 3.29137e-05
1027.29 3.28648e-05
1027.34 3.2816e-05
1027.38 3.27673e-05
1027.43 3.27186e-05
1027.47 3.267e-05
1027.52 3.26215e-05
1027.54 3.25972e-05
1027.56 3.25729e-05
1027.58 3.25486e-05
1027.61 3.25243e-05
1027.62 3.25124e-05
1027.63 3.25004e-05
1027.64 3.24884e-05
1027.65 3.24765e-05
1027.66 3.247e-05
1027.66 3.24635e-05
1027.67 3.2457e-05
1027.67 3.24505e-05
1027.68 3.2444e-05
1027.68 3.24408e-05
1027.69 3.24376e-05
1027.69 3.24344e-05
1027.69 3.24312e-05
1027.7 3.24279e-05
1027.7 3.2425e-05
1027.7 3.24221e-05
1027.7 3.24191e-05
1027.71 3.24162e-05
1027.71 3.24132e-05
1027.71 3.24103e-05
1027.71 3.24085e-05
1027.71 3.24067e-05
1027.72 3.2405e-05
1027.72 3.24032e-05
1027.72 3.24014e-05
1027.72 3.23996e-05
1027.72 3.23979e-05
1027.72 3.23971e-05
1027.72 3.23964e-05
1027.73 3.23949e-05
1027.73 3.23933e-05
1027.73 3.23918e-05
1027.73 3.23903e-05
1027.73 3.23887e-05
1027.73 3.23872e-05
1027.73 3.23862e-05
1027.73 3.23852e-05
1027.74 3.23842e-05
1027.74 3.23832e-05
1027.74 3.23822e-05
1027.74 3.23807e-05
1027.74 3.23796e-05
1027.74 3.23785e-05
1027.74 3.23774e-05
1027.74 3.23763e-05
1027.74 3.23752e-05
1027.74 3.23742e-05
1027.75 3.23724e-05
1027.75 3.23707e-05
1027.75 3.2369e-05
1027.75 3.23672e-05
1027.75 3.23655e-05
1027.75 3.23638e-05
1027.76 3.23621e-05
1027.76 3.23603e-05
1027.76 3.23586e-05
1027.76 3.23558e-05
1027.76 3.2353e-05
1027.77 3.23502e-05
1027.77 3.23474e-05
1027.77 3.2342e-05
1027.78 3.23366e-05
1027.78 3.23313e-05
1027.79 3.23259e-05
1027.79 3.23205e-05
1027.8 3.23151e-05
1027.8 3.23097e-05
1027.81 3.23044e-05
1027.81 3.2299e-05
1027.82 3.22936e-05
1027.82 3.22883e-05
1027.83 3.22829e-05
1027.83 3.22775e-05
1027.84 3.22722e-05
1027.85 3.22636e-05
1027.86 3.2255e-05
1027.86 3.22464e-05
1027.87 3.22379e-05
1027.88 3.22293e-05
1027.89 3.22208e-05
1027.9 3.22124e-05
1027.9 3.2204e-05
1027.91 3.21958e-05
1027.92 3.21879e-05
1027.93 3.21805e-05
1027.94 3.21738e-05
1027.94 3.21684e-05
1027.95 3.21649e-05
1027.96 3.21641e-05
1027.97 3.2167e-05
1027.98 3.21858e-05
1028 3.22298e-05
1028.01 3.2309e-05
1028.03 3.24357e-05
1028.04 3.26236e-05
1028.06 3.28881e-05
1028.07 3.32476e-05
1028.08 3.37224e-05
1028.1 3.41571e-05
1028.11 3.4675e-05
1028.12 3.52857e-05
1028.13 3.61378e-05
1028.14 3.71508e-05
1028.15 3.83434e-05
1028.17 3.97346e-05
1028.18 4.13438e-05
1028.19 4.31907e-05
1028.21 4.5295e-05
1028.21 4.70211e-05
1028.22 4.89042e-05
1028.23 5.0951e-05
1028.24 5.31675e-05
1028.25 5.55588e-05
1028.26 5.81291e-05
1028.27 6.08811e-05
1028.28 6.29739e-05
1028.28 6.51616e-05
1028.29 6.74435e-05
1028.3 6.98188e-05
1028.3 7.22859e-05
1028.31 7.48427e-05
1028.32 7.74867e-05
1028.32 8.02148e-05
1028.33 8.30235e-05
1028.34 8.59088e-05
1028.34 8.88665e-05
1028.35 9.18918e-05
1028.36 9.49801e-05
1028.36 9.72753e-05
1028.37 9.95996e-05
1028.37 0.000101951
1028.38 0.000104328
1028.38 0.000106728
1028.39 0.00010915
1028.39 0.000111592
1028.4 0.000114052
1028.4 0.000116528
1028.41 0.00011902
1028.41 0.000121525
1028.42 0.000124043
1028.42 0.000126571
1028.43 0.00012911
1028.43 0.000131657
1028.44 0.000134212
1028.44 0.000136774
1028.45 0.000139342
1028.45 0.000141915
1028.46 0.000146188
1028.47 0.000150471
1028.47 0.000154761
1028.48 0.000159055
1028.49 0.000163353
1028.5 0.000167651
1028.51 0.000171948
1028.52 0.000176242
1028.52 0.000180533
1028.54 0.00019102
1028.56 0.000201462
1028.58 0.000211845
1028.6 0.000222159
1028.62 0.000232392
1028.64 0.000242534
1028.66 0.000252576
1028.68 0.00026251
1028.7 0.000272329
1028.72 0.000282028
1028.75 0.000297442
1028.79 0.000312524
1028.82 0.00032727
1028.85 0.000341681
1028.88 0.000355757
1028.91 0.000369502
1028.95 0.00038292
1028.98 0.000396014
1029.01 0.00040879
1029.08 0.000434225
1029.14 0.000458354
1029.21 0.000481219
1029.28 0.000502866
1029.34 0.000523346
1029.41 0.000542707
1029.48 0.000561002
1029.54 0.00057828
1029.61 0.00059459
1029.68 0.000609981
1029.74 0.000624497
1029.85 0.000645518
1029.95 0.000664674
1030.05 0.000682114
1030.16 0.000697973
1030.32 0.000720319
1030.49 0.000739412
1030.65 0.000755651
1030.82 0.000769387
1030.99 0.000780929
1031.15 0.000790543
1031.4 0.000801876
1031.65 0.00081006
1031.9 0.000815649
1032.15 0.000819097
1032.4 0.000820783
1032.64 0.000821019
1033.03 0.000819108
1033.42 0.000815076
1033.8 0.000809486
1034.19 0.000802754
1034.58 0.000795201
1034.96 0.000787064
1035.58 0.000773275
1036.2 0.000758956
1036.82 0.000744403
1037.44 0.000729806
1038.06 0.000715287
1039.35 0.000685437
1041.32 0.000642624
1043.28 0.000602663
1045.25 0.000564963
1047.21 0.000529284
1049.18 0.000495686
1051.14 0.000464211
1053.11 0.000434776
1055.07 0.000407229
1057.04 0.000381424
1059 0.000357246
1060.97 0.000334596
1062.93 0.000313382
1064.9 0.000293515
1066.86 0.000274908
1068.82 0.000257481
1070.79 0.000241158
1072.75 0.00022587
1075.96 0.000202965
1079.17 0.000182386
1082.38 0.000163894
1088.09 0.000135501
1093.81 0.000112045
1099.52 9.26548e-05
1105.24 7.66194e-05
1110.95 6.33579e-05
1116.67 5.23912e-05
1122.38 4.33228e-05
1125.58 3.89401e-05
1126.38 3.79149e-05
1127.18 3.69166e-05
1127.98 3.59446e-05
1129.43 3.42542e-05
1129.79 3.38441e-05
1130.15 3.3439e-05
1130.51 3.30387e-05
1130.6 3.29394e-05
1130.69 3.28404e-05
1130.78 3.27417e-05
1130.88 3.26433e-05
1130.9 3.26187e-05
1130.92 3.25942e-05
1130.96 3.25533e-05
1131 3.25125e-05
1131.01 3.25023e-05
1131.01 3.24921e-05
1131.03 3.24728e-05
1131.05 3.24535e-05
1131.06 3.24418e-05
1131.07 3.24301e-05
1131.08 3.24184e-05
1131.09 3.24155e-05
1131.09 3.24125e-05
1131.09 3.24064e-05
1131.1 3.24003e-05
1131.1 3.23967e-05
1131.11 3.23932e-05
1131.11 3.23896e-05
1131.11 3.23861e-05
1131.11 3.2384e-05
1131.12 3.2382e-05
1131.12 3.23799e-05
1131.12 3.23779e-05
1131.12 3.23758e-05
1131.12 3.23738e-05
1131.13 3.23718e-05
1131.13 3.23697e-05
1131.13 3.23677e-05
1131.13 3.23666e-05
1131.13 3.23655e-05
1131.13 3.23645e-05
1131.13 3.23634e-05
1131.13 3.23624e-05
1131.14 3.23613e-05
1131.14 3.23602e-05
1131.14 3.23592e-05
1131.14 3.23581e-05
1131.14 3.23571e-05
1131.14 3.2356e-05
1131.14 3.23549e-05
1131.14 3.23539e-05
1131.14 3.23528e-05
1131.14 3.23518e-05
1131.15 3.23507e-05
1131.15 3.23497e-05
1131.15 3.23486e-05
1131.15 3.23475e-05
1131.15 3.23465e-05
1131.15 3.23454e-05
1131.15 3.23438e-05
1131.15 3.23422e-05
1131.15 3.23406e-05
1131.16 3.2339e-05
1131.16 3.23374e-05
1131.16 3.23358e-05
1131.16 3.23342e-05
1131.16 3.23315e-05
1131.17 3.23288e-05
1131.17 3.23262e-05
1131.17 3.23235e-05
1131.18 3.23186e-05
1131.18 3.23136e-05
1131.18 3.23087e-05
1131.19 3.23038e-05
1131.19 3.22989e-05
1131.2 3.2294e-05
1131.21 3.22849e-05
1131.22 3.22757e-05
1131.22 3.22666e-05
1131.23 3.22575e-05
1131.24 3.22484e-05
1131.25 3.22393e-05
1131.26 3.22302e-05
1131.27 3.22164e-05
1131.28 3.22027e-05
1131.3 3.21891e-05
1131.31 3.21757e-05
1131.32 3.21627e-05
1131.33 3.21508e-05
1131.35 3.21413e-05
1131.36 3.21366e-05
1131.37 3.21399e-05
1131.39 3.21563e-05
1131.4 3.21918e-05
1131.41 3.22531e-05
1131.43 3.24251e-05
1131.45 3.26066e-05
1131.46 3.28567e-05
1131.47 3.31905e-05
1131.49 3.36244e-05
1131.51 3.47494e-05
1131.54 3.64031e-05
1131.56 3.87268e-05
1131.59 4.18725e-05
1131.61 4.59971e-05
1131.64 5.12499e-05
1131.66 5.77593e-05
1131.69 6.56029e-05
1131.71 7.47801e-05
1131.74 8.51984e-05
1131.77 9.66687e-05
1131.79 0.000108931
1131.82 0.000121734
1131.83 0.000129325
1131.84 0.00013425
1131.85 0.0001392
1131.86 0.000144171
1131.87 0.000149156
1131.88 0.000152413
1131.88 0.000155673
1131.89 0.000158935
1131.89 0.000162199
1131.9 0.000165464
1131.91 0.000172345
1131.93 0.00017922
1131.94 0.000186083
1131.95 0.000192929
1131.96 0.000199755
1131.98 0.000206556
1131.99 0.00021333
1132.01 0.000224075
1132.03 0.000234729
1132.05 0.000245282
1132.07 0.000255722
1132.09 0.000266041
1132.12 0.000276233
1132.14 0.000286293
1132.16 0.000296215
1132.18 0.000305999
1132.21 0.000321624
1132.25 0.000336876
1132.28 0.000351759
1132.31 0.000366277
1132.35 0.000380432
1132.4 0.00040146
1132.45 0.000421665
1132.5 0.000441062
1132.55 0.000459672
1132.61 0.000477514
1132.66 0.000494611
1132.71 0.000510987
1132.79 0.000535424
1132.87 0.00055822
1132.96 0.000579467
1133.04 0.000599258
1133.12 0.00061768
1133.2 0.000634818
1133.34 0.000661694
1133.48 0.000685337
1133.63 0.000706095
1133.77 0.000724274
1133.91 0.000740147
1134.05 0.000753959
1134.19 0.00076593
1134.33 0.000776256
1134.48 0.00078511
1134.62 0.000792648
1134.88 0.000803542
1135.14 0.00081117
1135.4 0.000816132
1135.66 0.000818919
1135.92 0.000819929
1136.19 0.000819493
1136.45 0.000817879
1136.88 0.000813212
1137.53 0.000802846
1138.19 0.000790034
1138.84 0.000775791
1139.5 0.000760755
1140.15 0.000745363
1140.81 0.000729899
1141.46 0.000714529
1142.55 0.000689484
1143.63 0.000665123
1144.72 0.000641547
1145.8 0.000618782
1148.08 0.000573581
1151.56 0.000510606
1155.04 0.000454581
1158.52 0.000404759
1162 0.000360427
1165.48 0.000320959
1166.85 0.000306619
1168.22 0.000292919
1169.59 0.000279831
1171.81 0.000259907
1176.55 0.00022166
1181.3 0.000188977
1186.05 0.000161092
1190.79 0.000137313
1193.02 0.000127461
1194.23 0.000122397
1195.45 0.000117536
1196.66 0.000112869
1197.88 0.000108387
1200.19 0.000100335
1201.23 9.69157e-05
1202.27 9.36135e-05
1203.98 8.84157e-05
1207.15 7.95286e-05
1208.56 7.58779e-05
1209.97 7.23956e-05
1211.38 6.90734e-05
1213.6 6.41308e-05
1216.98 5.72721e-05
1218.34 5.47256e-05
1219.71 5.22931e-05
1221.07 4.99689e-05
1223.14 4.66248e-05
1225.22 4.3504e-05
1227.3 4.0592e-05
1228.19 3.94008e-05
1229.08 3.82448e-05
1230.48 3.64994e-05
1231.88 3.48337e-05
1232.23 3.44295e-05
1232.58 3.403e-05
1232.93 3.36352e-05
1233.28 3.3245e-05
1233.37 3.31481e-05
1233.46 3.30516e-05
1233.61 3.28824e-05
1233.65 3.28402e-05
1233.69 3.27981e-05
1233.78 3.26985e-05
1233.8 3.26736e-05
1233.83 3.26488e-05
1233.87 3.2599e-05
1233.9 3.25724e-05
1233.92 3.25459e-05
1233.95 3.25194e-05
1233.97 3.24929e-05
1233.98 3.24863e-05
1233.98 3.24797e-05
1233.99 3.24696e-05
1234 3.24603e-05
1234.01 3.24511e-05
1234.02 3.24418e-05
1234.03 3.24325e-05
1234.03 3.24233e-05
1234.04 3.2414e-05
1234.05 3.24084e-05
1234.05 3.24027e-05
1234.06 3.2397e-05
1234.06 3.23937e-05
1234.07 3.23903e-05
1234.07 3.2387e-05
1234.07 3.23836e-05
1234.07 3.23816e-05
1234.07 3.23797e-05
1234.08 3.23777e-05
1234.08 3.23758e-05
1234.08 3.23738e-05
1234.08 3.23718e-05
1234.08 3.23699e-05
1234.09 3.23679e-05
1234.09 3.2366e-05
1234.09 3.2365e-05
1234.09 3.23639e-05
1234.09 3.23629e-05
1234.09 3.23619e-05
1234.09 3.23609e-05
1234.09 3.23599e-05
1234.09 3.23589e-05
1234.1 3.23579e-05
1234.1 3.23569e-05
1234.1 3.23558e-05
1234.1 3.23548e-05
1234.1 3.23538e-05
1234.1 3.23528e-05
1234.1 3.23518e-05
1234.1 3.23508e-05
1234.1 3.23498e-05
1234.1 3.23488e-05
1234.1 3.23474e-05
1234.11 3.23459e-05
1234.11 3.23445e-05
1234.11 3.23431e-05
1234.11 3.23417e-05
1234.11 3.23403e-05
1234.11 3.23389e-05
1234.11 3.23375e-05
1234.12 3.23361e-05
1234.12 3.23347e-05
1234.12 3.23333e-05
1234.12 3.23319e-05
1234.12 3.23297e-05
1234.12 3.23276e-05
1234.13 3.23254e-05
1234.13 3.23232e-05
1234.13 3.23199e-05
1234.13 3.2315e-05
1234.14 3.23101e-05
1234.14 3.23052e-05
1234.15 3.23002e-05
1234.16 3.22915e-05
1234.16 3.22828e-05
1234.17 3.2274e-05
1234.18 3.22653e-05
1234.19 3.22566e-05
1234.2 3.22479e-05
1234.2 3.22431e-05
1234.21 3.22383e-05
1234.21 3.22336e-05
1234.22 3.22288e-05
1234.22 3.2224e-05
1234.23 3.22155e-05
1234.24 3.2207e-05
1234.24 3.21985e-05
1234.25 3.219e-05
1234.26 3.21816e-05
1234.27 3.21733e-05
1234.28 3.21652e-05
1234.28 3.21574e-05
1234.29 3.21502e-05
1234.3 3.21438e-05
1234.31 3.21388e-05
1234.32 3.21359e-05
1234.33 3.21391e-05
1234.34 3.21597e-05
1234.35 3.21838e-05
1234.36 3.22194e-05
1234.37 3.22691e-05
1234.38 3.23357e-05
1234.39 3.24221e-05
1234.4 3.25316e-05
1234.41 3.26678e-05
1234.42 3.29314e-05
1234.43 3.32781e-05
1234.45 3.4019e-05
1234.48 3.50627e-05
1234.5 3.64807e-05
1234.52 3.83512e-05
1234.54 4.07579e-05
1234.56 4.37873e-05
1234.58 4.7525e-05
1234.6 5.20506e-05
1234.62 5.74297e-05
1234.64 6.37047e-05
1234.66 7.08834e-05
1234.68 7.5904e-05
1234.69 8.12589e-05
1234.7 8.69211e-05
1234.71 9.28586e-05
1234.73 9.90358e-05
1234.74 0.000105417
1234.75 0.000111964
1234.77 0.000118643
1234.78 0.000125425
1234.79 0.000132284
1234.8 0.000135671
1234.81 0.00013907
1234.81 0.000142477
1234.82 0.000145893
1234.83 0.000149315
1234.83 0.000152742
1234.84 0.000156173
1234.85 0.000159606
1234.85 0.000163041
1234.86 0.000166477
1234.87 0.000169912
1234.88 0.000176362
1234.89 0.000182804
1234.9 0.000189233
1234.91 0.000195646
1234.93 0.00020204
1234.96 0.000217537
1234.99 0.000232866
1235.01 0.000247993
1235.03 0.000257108
1235.05 0.000266131
1235.07 0.000275057
1235.09 0.000283882
1235.12 0.000298572
1235.15 0.000312961
1235.18 0.000327044
1235.21 0.000340821
1235.24 0.000354294
1235.27 0.000367467
1235.3 0.000380341
1235.33 0.000392921
1235.36 0.000405209
1235.42 0.000427886
1235.48 0.000449542
1235.54 0.000470204
1235.6 0.000489903
1235.65 0.000508672
1235.71 0.000526544
1235.77 0.000543555
1235.83 0.000559739
1235.93 0.000584804
1236.02 0.000607848
1236.12 0.000629016
1236.22 0.000648443
1236.31 0.000666256
1236.41 0.000682576
1236.51 0.000697513
1236.66 0.000718438
1236.81 0.000736558
1236.96 0.000752192
1237.12 0.000765622
1237.27 0.000777097
1237.42 0.000786839
1237.65 0.000798839
1237.89 0.000807829
1238.12 0.000814309
1238.35 0.000818695
1238.58 0.000821333
1238.82 0.000822514
1239.21 0.000821885
1239.6 0.000818746
1239.99 0.000813762
1240.38 0.000807427
1240.77 0.000800116
1241.37 0.00078765
1241.97 0.000774256
1242.57 0.000760361
1243.16 0.000746238
1243.76 0.00073207
1244.71 0.000709905
1246.2 0.000675647
1247.69 0.000642822
1249.18 0.000611583
1250.67 0.000581891
1253.15 0.000535787
1256.91 0.000472696
1260.67 0.000417055
1264.43 0.000367971
1268.18 0.000324666
1271.94 0.000286457
1275.7 0.000252744
1277.22 0.000240254
1278.74 0.00022838
1280.26 0.000217092
1283.47 0.000194985
1286.68 0.000175114
1289.9 0.000157263
1296.86 0.000124291
1303.82 9.81213e-05
1310.78 7.74215e-05
1317.74 6.1074e-05
1324.7 4.81732e-05
1326.44 4.54483e-05
1328.18 4.28817e-05
1329.93 4.04616e-05
1331.67 3.81786e-05
1333.41 3.60246e-05
1333.84 3.55059e-05
1334.28 3.49947e-05
1334.71 3.44909e-05
1335.45 3.36535e-05
1335.63 3.34473e-05
1335.82 3.32425e-05
1336 3.30388e-05
1336.05 3.29881e-05
1336.09 3.29375e-05
1336.17 3.28506e-05
1336.25 3.27639e-05
1336.29 3.27185e-05
1336.34 3.26731e-05
1336.38 3.26278e-05
1336.42 3.25826e-05
1336.43 3.25713e-05
1336.44 3.256e-05
1336.45 3.25487e-05
1336.47 3.25234e-05
1336.5 3.24982e-05
1336.5 3.24919e-05
1336.51 3.24856e-05
1336.52 3.24704e-05
1336.53 3.24618e-05
1336.54 3.24533e-05
1336.55 3.24448e-05
1336.55 3.24402e-05
1336.55 3.24355e-05
1336.56 3.24309e-05
1336.56 3.24281e-05
1336.56 3.24252e-05
1336.57 3.24224e-05
1336.57 3.24195e-05
1336.57 3.24178e-05
1336.57 3.2416e-05
1336.57 3.24142e-05
1336.58 3.24125e-05
1336.58 3.24107e-05
1336.58 3.24089e-05
1336.58 3.24072e-05
1336.58 3.24064e-05
1336.58 3.24056e-05
1336.58 3.24042e-05
1336.59 3.24028e-05
1336.59 3.24013e-05
1336.59 3.23999e-05
1336.59 3.23985e-05
1336.59 3.23971e-05
1336.59 3.23957e-05
1336.59 3.23947e-05
1336.59 3.23938e-05
1336.59 3.23928e-05
1336.6 3.23914e-05
1336.6 3.23898e-05
1336.6 3.23887e-05
1336.6 3.23876e-05
1336.6 3.23865e-05
1336.6 3.23854e-05
1336.6 3.23843e-05
1336.6 3.23832e-05
1336.61 3.23812e-05
1336.61 3.23793e-05
1336.61 3.23773e-05
1336.61 3.23754e-05
1336.61 3.23735e-05
1336.61 3.23715e-05
1336.62 3.23696e-05
1336.62 3.23676e-05
1336.62 3.23657e-05
1336.62 3.23625e-05
1336.63 3.23592e-05
1336.63 3.2356e-05
1336.63 3.23528e-05
1336.64 3.23478e-05
1336.64 3.23429e-05
1336.65 3.23379e-05
1336.65 3.2333e-05
1336.65 3.2328e-05
1336.66 3.23231e-05
1336.66 3.23181e-05
1336.67 3.23132e-05
1336.68 3.23052e-05
1336.68 3.22972e-05
1336.69 3.22892e-05
1336.7 3.22812e-05
1336.71 3.22733e-05
1336.71 3.22653e-05
1336.72 3.22573e-05
1336.73 3.22494e-05
1336.73 3.22414e-05
1336.74 3.22335e-05
1336.75 3.22257e-05
1336.76 3.22178e-05
1336.76 3.22101e-05
1336.77 3.22026e-05
1336.78 3.21953e-05
1336.79 3.21885e-05
1336.79 3.21825e-05
1336.8 3.21775e-05
1336.81 3.21743e-05
1336.82 3.21733e-05
1336.82 3.21753e-05
1336.83 3.21814e-05
1336.84 3.22013e-05
1336.85 3.22379e-05
1336.87 3.22964e-05
1336.88 3.23827e-05
1336.89 3.25033e-05
1336.9 3.26656e-05
1336.91 3.28775e-05
1336.92 3.31481e-05
1336.94 3.34868e-05
1336.95 3.39041e-05
1336.97 3.47897e-05
1336.98 3.59713e-05
1337.02 3.86511e-05
1337.05 4.25183e-05
1337.08 4.785e-05
1337.11 5.48976e-05
1337.14 6.38501e-05
1337.17 7.47524e-05
1337.2 8.74649e-05
1337.22 9.6853e-05
1337.24 0.000106764
1337.26 0.000117058
1337.28 0.000127614
1337.29 0.000133311
1337.3 0.000139041
1337.31 0.000144798
1337.33 0.000154314
1337.33 0.000155332
1337.34 0.000156351
1337.34 0.00015818
1337.34 0.000160008
1337.35 0.000161838
1337.35 0.0001647
1337.36 0.000167563
1337.37 0.000172644
1337.38 0.00017772
1337.39 0.000182791
1337.4 0.000187854
1337.41 0.000195496
1337.42 0.000203111
1337.44 0.000210693
1337.45 0.000218239
1337.48 0.000230133
1337.5 0.000241907
1337.52 0.000253547
1337.55 0.00026504
1337.57 0.000276377
1337.59 0.000287551
1337.62 0.000298555
1337.64 0.000309388
1337.68 0.000327506
1337.72 0.000345118
1337.76 0.00036223
1337.8 0.000378847
1337.84 0.000394978
1337.87 0.000410628
1337.91 0.000425807
1337.98 0.000448804
1338.04 0.000470681
1338.1 0.000491474
1338.16 0.000511223
1338.22 0.000529968
1338.29 0.000547751
1338.35 0.000564614
1338.41 0.000580597
1338.51 0.000604092
1338.61 0.000625654
1338.7 0.000645424
1338.8 0.000663535
1338.9 0.000680111
1339 0.000695266
1339.1 0.000709108
1339.26 0.00072947
1339.42 0.000746881
1339.58 0.000761697
1339.75 0.000774231
1339.91 0.000784758
1340.07 0.000793519
1340.32 0.000803955
1340.57 0.00081141
1340.82 0.000816406
1341.07 0.000819374
1341.31 0.000820672
1341.56 0.000820594
1341.95 0.000818302
1342.34 0.000813988
1342.72 0.000808188
1343.11 0.000801304
1343.5 0.000793639
1344.09 0.000781003
1344.67 0.000767652
1345.26 0.00075393
1345.85 0.000740058
1346.44 0.000726185
1347.68 0.000697315
1349.63 0.000654325
1351.58 0.000614248
1353.53 0.000576326
1355.48 0.000540269
1357.43 0.000506216
1359.38 0.000474292
1361.33 0.00044444
1363.28 0.000416498
1365.23 0.000390309
1367.18 0.000365754
1369.12 0.000342737
1371.07 0.00032117
1373.02 0.000300962
1374.97 0.000282027
1376.92 0.000264283
1378.87 0.000247654
1380.82 0.000232072
1382.77 0.00021747
1384.72 0.000203787
1386.67 0.000190966
1388.62 0.00017895
1391.81 0.000160891
1395 0.000144657
1398.2 0.000130062
1401.39 0.00011694
1404.58 0.000105141
1410.04 8.76578e-05
1415.5 7.30912e-05
1420.96 6.0948e-05
1430.48 4.44825e-05
1432.86 4.10959e-05
1435.23 3.79648e-05
1437.61 3.50719e-05
1438.21 3.43839e-05
1438.8 3.37093e-05
1438.95 3.35428e-05
1439.1 3.3377e-05
1439.25 3.32121e-05
1439.39 3.3048e-05
1439.43 3.30071e-05
1439.47 3.29663e-05
1439.51 3.29255e-05
1439.57 3.28586e-05
1439.63 3.27919e-05
1439.69 3.27253e-05
1439.78 3.26234e-05
1439.81 3.2598e-05
1439.83 3.25726e-05
1439.85 3.25472e-05
1439.88 3.25219e-05
1439.9 3.24965e-05
1439.92 3.24712e-05
1439.95 3.24459e-05
1439.96 3.24323e-05
1439.97 3.24187e-05
1439.98 3.24052e-05
1440 3.23916e-05
1440 3.23846e-05
1440.01 3.23776e-05
1440.02 3.23706e-05
1440.02 3.23636e-05
1440.03 3.23567e-05
1440.03 3.23531e-05
1440.04 3.23496e-05
1440.04 3.23461e-05
1440.04 3.23426e-05
1440.05 3.23391e-05
1440.05 3.23359e-05
1440.05 3.23327e-05
1440.05 3.23296e-05
1440.06 3.23264e-05
1440.06 3.23232e-05
1440.06 3.23201e-05
1440.06 3.23183e-05
1440.07 3.23165e-05
1440.07 3.23147e-05
1440.07 3.23129e-05
1440.07 3.23111e-05
1440.07 3.23094e-05
1440.07 3.23076e-05
1440.08 3.23058e-05
1440.08 3.2304e-05
1440.08 3.2303e-05
1440.08 3.23021e-05
1440.08 3.23011e-05
1440.08 3.23002e-05
1440.08 3.22992e-05
1440.08 3.22983e-05
1440.08 3.22973e-05
1440.09 3.22963e-05
1440.09 3.22954e-05
1440.09 3.22944e-05
1440.09 3.22935e-05
1440.09 3.22925e-05
1440.09 3.22916e-05
1440.09 3.22901e-05
1440.09 3.22887e-05
1440.09 3.22872e-05
1440.09 3.22858e-05
1440.1 3.22844e-05
1440.1 3.22829e-05
1440.1 3.22815e-05
1440.1 3.228e-05
1440.1 3.22786e-05
1440.1 3.22771e-05
1440.1 3.22757e-05
1440.11 3.22733e-05
1440.11 3.2271e-05
1440.11 3.22686e-05
1440.11 3.22662e-05
1440.12 3.22611e-05
1440.12 3.2258e-05
1440.12 3.22549e-05
1440.13 3.22514e-05
1440.13 3.22478e-05
1440.13 3.22443e-05
1440.14 3.22407e-05
1440.14 3.22372e-05
1440.14 3.22337e-05
1440.15 3.22301e-05
1440.15 3.22266e-05
1440.15 3.22231e-05
1440.16 3.22195e-05
1440.16 3.2216e-05
1440.17 3.22102e-05
1440.17 3.22044e-05
1440.18 3.21986e-05
1440.18 3.21928e-05
1440.19 3.2183e-05
1440.2 3.21733e-05
1440.21 3.21636e-05
1440.22 3.21538e-05
1440.23 3.21442e-05
1440.24 3.21345e-05
1440.25 3.21249e-05
1440.25 3.21154e-05
1440.26 3.2106e-05
1440.27 3.20971e-05
1440.29 3.20847e-05
1440.3 3.20761e-05
1440.31 3.20751e-05
1440.33 3.20868e-05
1440.34 3.21185e-05
1440.36 3.21792e-05
1440.37 3.22795e-05
1440.39 3.24311e-05
1440.4 3.26473e-05
1440.41 3.2943e-05
1440.43 3.33352e-05
1440.44 3.38426e-05
1440.46 3.44858e-05
1440.47 3.52866e-05
1440.5 3.78627e-05
1440.54 4.17136e-05
1440.57 4.71685e-05
1440.6 5.45455e-05
1440.63 6.40717e-05
1440.67 7.57946e-05
1440.69 8.39714e-05
1440.7 8.97947e-05
1440.71 9.58767e-05
1440.73 0.000102179
1440.74 0.000108664
1440.74 0.000111498
1440.75 0.000114356
1440.76 0.000117235
1440.77 0.000123164
1440.78 0.000129156
1440.79 0.000135198
1440.8 0.000141276
1440.8 0.0001418
1440.8 0.000142323
1440.8 0.000142847
1440.81 0.000143646
1440.81 0.000144445
1440.81 0.000145245
1440.81 0.000146045
1440.81 0.000147689
1440.82 0.000149334
1440.82 0.000151908
1440.83 0.000154484
1440.83 0.000157062
1440.84 0.000159641
1440.84 0.000162221
1440.85 0.000167305
1440.86 0.000172388
1440.87 0.000177467
1440.88 0.00018254
1440.89 0.000187606
1440.9 0.000192662
1440.91 0.000197707
1440.93 0.000211186
1440.96 0.000224548
1440.99 0.000237769
1441.01 0.000250828
1441.04 0.000263707
1441.06 0.00027639
1441.09 0.000288868
1441.11 0.000301135
1441.14 0.000313187
1441.17 0.000325022
1441.19 0.000336641
1441.22 0.000348045
1441.24 0.000359234
1441.27 0.000370211
1441.3 0.000380978
1441.33 0.000396787
1441.37 0.000412132
1441.44 0.000436155
1441.5 0.000459002
1441.56 0.000480707
1441.63 0.000501312
1441.69 0.000520858
1441.75 0.00053939
1441.82 0.000556951
1441.88 0.000573583
1441.98 0.000597739
1442.08 0.000619902
1442.17 0.000640219
1442.27 0.000658827
1442.37 0.000675854
1442.47 0.000691419
1442.57 0.000705632
1442.73 0.000726255
1442.89 0.000743925
1443.05 0.000758998
1443.21 0.000771783
1443.37 0.000782555
1443.53 0.000791553
1443.78 0.000802303
1444.03 0.000810066
1444.27 0.00081536
1444.52 0.000818612
1444.76 0.000820177
1445.01 0.000820352
1445.39 0.000818409
1445.77 0.000814394
1446.16 0.000808851
1446.54 0.000802187
1446.92 0.000794713
1447.5 0.000782398
1448.08 0.000769332
1448.66 0.000755865
1449.24 0.000742223
1449.82 0.000728559
1451.02 0.000700434
1452.92 0.000658362
1454.82 0.000619044
1456.72 0.000581782
1458.62 0.000546301
1460.52 0.00051274
1462.42 0.000481223
1464.32 0.000451698
1466.22 0.000424015
1468.11 0.000398025
1470.01 0.000373616
1471.91 0.000350698
1473.81 0.000329186
1475.71 0.000308996
1477.61 0.000290046
1479.51 0.000272257
1481.41 0.000255559
1483.3 0.000239885
1486.33 0.000216887
1489.35 0.000196097
1492.38 0.0001773
1498.32 0.000145452
1504.27 0.000119351
1510.22 9.79398e-05
1516.17 8.03695e-05
1522.11 6.59497e-05
1528.06 5.41162e-05
1534.01 4.4406e-05
1537.36 3.97184e-05
1540.71 3.55239e-05
1541.55 3.45462e-05
1542.38 3.35953e-05
1542.59 3.33617e-05
1542.8 3.31298e-05
1543.01 3.28994e-05
1543.22 3.26707e-05
1543.32 3.25599e-05
1543.35 3.25322e-05
1543.37 3.25046e-05
1543.4 3.2477e-05
1543.43 3.24495e-05
1543.45 3.24219e-05
1543.48 3.23944e-05
1543.5 3.23669e-05
1543.52 3.23495e-05
1543.53 3.23321e-05
1543.54 3.23225e-05
1543.55 3.23129e-05
1543.56 3.23033e-05
1543.57 3.22983e-05
1543.57 3.22933e-05
1543.58 3.22884e-05
1543.58 3.22853e-05
1543.58 3.22822e-05
1543.58 3.22792e-05
1543.59 3.22761e-05
1543.59 3.22743e-05
1543.59 3.22724e-05
1543.59 3.22706e-05
1543.59 3.22687e-05
1543.6 3.22669e-05
1543.6 3.2265e-05
1543.6 3.22632e-05
1543.6 3.22613e-05
1543.6 3.22595e-05
1543.6 3.22585e-05
1543.6 3.22576e-05
1543.6 3.22566e-05
1543.61 3.22556e-05
1543.61 3.22547e-05
1543.61 3.22537e-05
1543.61 3.22528e-05
1543.61 3.22518e-05
1543.61 3.22508e-05
1543.61 3.22499e-05
1543.61 3.22489e-05
1543.61 3.22479e-05
1543.61 3.2247e-05
1543.61 3.22464e-05
1543.61 3.22459e-05
1543.62 3.22453e-05
1543.62 3.22447e-05
1543.62 3.22442e-05
1543.62 3.22432e-05
1543.62 3.22423e-05
1543.62 3.22414e-05
1543.62 3.22404e-05
1543.62 3.22395e-05
1543.62 3.22385e-05
1543.62 3.22369e-05
1543.62 3.22354e-05
1543.63 3.22338e-05
1543.63 3.22322e-05
1543.63 3.22306e-05
1543.63 3.2229e-05
1543.63 3.22275e-05
1543.63 3.2225e-05
1543.64 3.22213e-05
1543.64 3.22177e-05
1543.64 3.2214e-05
1543.65 3.22103e-05
1543.65 3.22066e-05
1543.65 3.22029e-05
1543.66 3.21993e-05
1543.66 3.21956e-05
1543.66 3.21919e-05
1543.67 3.21864e-05
1543.68 3.21808e-05
1543.68 3.21718e-05
1543.69 3.21628e-05
1543.7 3.21539e-05
1543.71 3.21449e-05
1543.72 3.2129e-05
1543.74 3.21132e-05
1543.75 3.20974e-05
1543.77 3.20817e-05
1543.78 3.20662e-05
1543.8 3.20516e-05
1543.81 3.20391e-05
1543.83 3.20313e-05
1543.84 3.20328e-05
1543.86 3.205e-05
1543.87 3.20921e-05
1543.89 3.21702e-05
1543.9 3.2297e-05
1543.92 3.24869e-05
1543.93 3.2756e-05
1543.95 3.31228e-05
1543.96 3.36081e-05
1543.98 3.42348e-05
1543.99 3.5028e-05
1544.02 3.68499e-05
1544.04 3.93833e-05
1544.07 4.2784e-05
1544.09 4.72097e-05
1544.12 5.28068e-05
1544.14 5.96922e-05
1544.17 6.79262e-05
1544.19 7.74833e-05
1544.22 8.82446e-05
1544.24 9.99986e-05
1544.27 0.000112477
1544.29 0.000121103
1544.3 0.000126594
1544.31 0.000132132
1544.32 0.000137706
1544.33 0.000141602
1544.33 0.000145509
1544.34 0.000149424
1544.35 0.000153345
1544.36 0.000157272
1544.36 0.0001612
1544.37 0.000165131
1544.38 0.000169061
1544.39 0.00017299
1544.4 0.000179246
1544.41 0.000185492
1544.42 0.000191725
1544.43 0.000197941
1544.44 0.000204139
1544.46 0.000210314
1544.47 0.000216465
1544.49 0.000225735
1544.52 0.000242325
1544.54 0.000251817
1544.56 0.000261213
1544.58 0.000270507
1544.59 0.000279694
1544.62 0.000294107
1544.65 0.000308233
1544.68 0.000322067
1544.71 0.000335609
1544.74 0.000348861
1544.77 0.000361824
1544.8 0.000374501
1544.83 0.000386896
1544.86 0.000399011
1544.91 0.000418923
1545.01 0.000454661
1545.11 0.000487724
1545.2 0.000518252
1545.3 0.000546398
1545.4 0.000572317
1545.49 0.000596161
1545.59 0.000618075
1545.69 0.0006382
1545.78 0.000656665
1545.88 0.000673592
1545.98 0.000689096
1546.07 0.000703282
1546.17 0.000716247
1546.32 0.000734391
1546.47 0.000750052
1546.62 0.000763513
1546.78 0.000775023
1546.93 0.0007848
1547.08 0.000793039
1547.23 0.000799913
1547.49 0.000809008
1547.76 0.000815152
1548.02 0.000818888
1548.28 0.000820659
1548.54 0.000820828
1548.8 0.000819695
1549.21 0.000815899
1549.62 0.000810246
1550.03 0.000803259
1550.44 0.00079532
1550.85 0.000786718
1551.49 0.000772465
1552.13 0.000757665
1552.76 0.000742636
1553.4 0.000727577
1554.04 0.000712615
1555.49 0.000679503
1557.66 0.000632873
1559.83 0.000589785
1562.01 0.000549311
1564.18 0.000511113
1566.35 0.000475319
1568.53 0.000442025
1570.7 0.000411128
1572.87 0.000382423
1575.05 0.000355717
1577.22 0.000330861
1579.39 0.000307737
1581.57 0.000286229
1583.74 0.000266228
1585.91 0.000247625
1588.09 0.000230321
1590.26 0.000214227
1592.43 0.000199256
1594.61 0.000185332
1596.78 0.000172382
1598.95 0.000160336
1601.13 0.000149132
1603.3 0.00013871
1605.47 0.000129017
1607.65 0.000120002
1609.82 0.000111616
1613.56 9.85221e-05
1617.31 8.69669e-05
1621.05 7.67682e-05
1624.8 6.77658e-05
1628.54 5.98191e-05
1632.28 5.28043e-05
1637.97 4.3626e-05
1639.39 4.16032e-05
1640.82 3.96752e-05
1642.24 3.7837e-05
1643.66 3.60841e-05
1644.02 3.5659e-05
1644.37 3.5239e-05
1644.96 3.455e-05
1645.56 3.38746e-05
1645.71 3.37078e-05
1645.85 3.35419e-05
1646 3.33767e-05
1646.15 3.32124e-05
1646.3 3.30489e-05
1646.33 3.30082e-05
1646.37 3.29675e-05
1646.45 3.2876e-05
1646.54 3.27848e-05
1646.58 3.27379e-05
1646.62 3.2691e-05
1646.67 3.26443e-05
1646.69 3.26197e-05
1646.71 3.25953e-05
1646.73 3.25708e-05
1646.76 3.25463e-05
1646.77 3.25351e-05
1646.78 3.2524e-05
1646.79 3.25128e-05
1646.8 3.25016e-05
1646.81 3.24904e-05
1646.81 3.24856e-05
1646.82 3.24807e-05
1646.82 3.24759e-05
1646.83 3.2471e-05
1646.83 3.24662e-05
1646.84 3.2462e-05
1646.84 3.24577e-05
1646.84 3.24535e-05
1646.85 3.24493e-05
1646.85 3.24451e-05
1646.85 3.24427e-05
1646.86 3.24403e-05
1646.86 3.24379e-05
1646.86 3.24355e-05
1646.86 3.24332e-05
1646.86 3.24317e-05
1646.86 3.24303e-05
1646.87 3.24288e-05
1646.87 3.24257e-05
1646.87 3.24226e-05
1646.87 3.24211e-05
1646.87 3.24196e-05
1646.88 3.24181e-05
1646.88 3.24166e-05
1646.88 3.24151e-05
1646.88 3.24141e-05
1646.88 3.24131e-05
1646.88 3.24121e-05
1646.88 3.24112e-05
1646.88 3.24102e-05
1646.88 3.24083e-05
1646.89 3.24072e-05
1646.89 3.24062e-05
1646.89 3.24051e-05
1646.89 3.2404e-05
1646.89 3.24021e-05
1646.89 3.24003e-05
1646.89 3.23984e-05
1646.9 3.23964e-05
1646.9 3.23944e-05
1646.9 3.23923e-05
1646.9 3.23903e-05
1646.9 3.23883e-05
1646.91 3.23862e-05
1646.91 3.23842e-05
1646.91 3.23822e-05
1646.91 3.23801e-05
1646.91 3.2376e-05
1646.92 3.23697e-05
1646.93 3.23634e-05
1646.93 3.23571e-05
1646.94 3.23508e-05
1646.94 3.23446e-05
1646.95 3.23383e-05
1646.96 3.23276e-05
1646.97 3.23169e-05
1646.98 3.23062e-05
1646.99 3.22955e-05
1647 3.22848e-05
1647.01 3.22741e-05
1647.02 3.22635e-05
1647.03 3.22529e-05
1647.04 3.22423e-05
1647.05 3.22319e-05
1647.06 3.22218e-05
1647.07 3.22121e-05
1647.08 3.22035e-05
1647.09 3.21966e-05
1647.1 3.21926e-05
1647.11 3.21931e-05
1647.12 3.22001e-05
1647.13 3.22159e-05
1647.14 3.22435e-05
1647.15 3.22859e-05
1647.16 3.2347e-05
1647.17 3.24305e-05
1647.18 3.25408e-05
1647.19 3.26826e-05
1647.2 3.28612e-05
1647.21 3.3218e-05
1647.24 3.4054e-05
1647.26 3.53048e-05
1647.28 3.63565e-05
1647.29 3.765e-05
1647.31 3.92188e-05
1647.32 4.10978e-05
1647.34 4.33217e-05
1647.35 4.59254e-05
1647.37 4.89419e-05
1647.38 5.24013e-05
1647.4 5.6329e-05
1647.42 6.07428e-05
1647.43 6.56513e-05
1647.45 7.10505e-05
1647.46 7.69232e-05
1647.48 8.32379e-05
1647.49 8.99507e-05
1647.51 9.70109e-05
1647.52 0.000104358
1647.54 0.000111936
1647.55 0.000119691
1647.57 0.000127578
1647.58 0.000131644
1647.58 0.000135729
1647.59 0.00013983
1647.6 0.000143945
1647.61 0.000148069
1647.62 0.000152202
1647.62 0.000154779
1647.63 0.000157357
1647.63 0.000159937
1647.64 0.000164136
1647.65 0.000171894
1647.66 0.000176527
1647.67 0.000181156
1647.68 0.000185778
1647.69 0.000190393
1647.7 0.00019764
1647.74 0.000216231
1647.76 0.000227664
1647.78 0.000238989
1647.8 0.000250192
1647.83 0.000261262
1647.85 0.000272189
1647.87 0.000282968
1647.89 0.000293592
1647.92 0.000304059
1647.94 0.000314367
1647.97 0.000330858
1648.01 0.000346925
1648.05 0.000362571
1648.08 0.0003778
1648.12 0.000392618
1648.15 0.000407031
1648.19 0.000421046
1648.25 0.000442913
1648.31 0.000463777
1648.37 0.00048367
1648.43 0.000502624
1648.48 0.000520671
1648.54 0.000537847
1648.6 0.000554187
1648.66 0.000569725
1648.76 0.000594211
1648.86 0.00061667
1648.96 0.000637252
1649.06 0.000656097
1649.15 0.000673335
1649.25 0.000689088
1649.35 0.000703468
1649.51 0.00072371
1649.67 0.000741133
1649.82 0.000756066
1649.98 0.000768801
1650.14 0.000779592
1650.29 0.000788665
1650.53 0.000799719
1650.78 0.000807797
1651.02 0.000813407
1651.26 0.00081697
1651.5 0.000818837
1651.74 0.000819301
1652.12 0.000817762
1652.5 0.000814086
1652.88 0.00080883
1653.26 0.00080241
1653.64 0.000795145
1654.02 0.000787274
1654.63 0.000773837
1655.24 0.000759822
1655.85 0.000745539
1656.46 0.000731183
1657.57 0.000705164
1659.73 0.000655979
1661.9 0.000609865
1664.07 0.000567138
1666.23 0.000527562
1668.4 0.000490821
1670.56 0.000456656
1672.73 0.000424867
1674.89 0.000395286
1677.06 0.000367762
1680.46 0.000328256
1682.03 0.000311436
1683.61 0.000295481
1686.07 0.000272215
1690.66 0.000233383
1692.61 0.000218631
1694.56 0.000204818
1696.52 0.00019188
1699.57 0.000173301
1700 0.000170806
1700 0.000170806
1700 0.000170799
1700 0.000170791
1700.01 0.000170771
1700.01 0.00017075
1700.01 0.00017073
1700.02 0.000170687
1700.03 0.000170644
1700.04 0.000170602
1700.04 0.000170559
1700.05 0.000170516
1700.06 0.000170473
1700.07 0.000170431
1700.07 0.000170388
1700.08 0.000170345
1700.09 0.000170303
1700.1 0.000170232
1700.11 0.000170161
1700.14 0.000170037
1700.16 0.000169914
1700.18 0.00016979
1700.2 0.000169667
1700.22 0.000169543
1700.26 0.000169326
1700.3 0.000169108
1700.34 0.000168891
1700.41 0.000168508
1700.47 0.000168126
1700.54 0.000167745
1700.61 0.000167365
1700.68 0.000166986
1700.75 0.000166607
1700.81 0.00016623
1700.88 0.000165853
1701 0.000165204
1701.12 0.000164558
1701.24 0.000163914
1701.43 0.000162871
1701.62 0.000161833
1701.81 0.000160803
1702 0.000159779
1702.19 0.000158761
1702.39 0.00015775
1702.58 0.000156745
1702.77 0.000155747
1702.96 0.000154755
1703.27 0.000153158
1703.58 0.000151577
1703.89 0.000150012
1704.21 0.000148464
1704.52 0.000146931
1704.83 0.000145414
1705.14 0.000143913
1705.61 0.000141677
1706.08 0.000139475
1706.55 0.000137307
1707.02 0.000135173
1707.77 0.000131853
1708.51 0.000128615
1709.26 0.000125456
1710 0.000122375
1711.14 0.000117823
1713.07 0.000110501
1714.99 0.000103633
1716.91 9.7193e-05
1718.84 9.11527e-05
1722.16 8.1606e-05
1725.48 7.30606e-05
1728.8 6.54106e-05
1734.75 5.36585e-05
1744.91 3.83458e-05
1747.45 3.52361e-05
1749.99 3.23758e-05
1752.53 2.97471e-05
1756.66 2.59023e-05
1760.8 2.25483e-05
1764.94 1.96265e-05
1769.07 1.70825e-05
1776.95 1.30717e-05
1784.82 9.98694e-06
1792.7 7.62436e-06
1800.57 5.81853e-06
1808.45 4.43961e-06
1816.33 3.38719e-06
1824.2 2.58413e-06
1832.08 1.97143e-06
1839.95 1.50398e-06
1847.83 1.14737e-06
1855.7 8.75307e-07
1871.02 5.02029e-07
1885.44 2.93174e-07
1899.86 1.6931e-07
1914.28 9.69574e-08
1928.69 5.51653e-08
1943.11 3.12291e-08
1957.53 1.76087e-08
2000 -2.88981e-09
