0 -65
0.00912421 -65.1177
0.0182484 -65.2344
0.038391 -65.4887
0.0585336 -65.7387
0.0786762 -65.9839
0.11776 -66.4461
0.156843 -66.8907
0.215838 -67.5295
0.274833 -68.1313
0.333828 -68.6983
0.44821 -69.7059
0.562591 -70.6041
0.676973 -71.4047
0.902021 -72.7347
1.12707 -73.7956
1.35212 -74.6432
1.57717 -75.3208
1.94143 -76.1428
2.30569 -76.7151
2.66995 -77.1115
3.03421 -77.385
3.39847 -77.5739
3.76273 -77.7048
4.127 -77.7957
4.76249 -77.8942
5.39799 -77.9477
6.03348 -77.9749
6.66897 -77.9869
7.30447 -77.9923
7.93996 -77.9959
8.57546 -77.9985
9.21095 -77.9997
9.84645 -77.9999
10.4819 -78.0001
11.5925 -78.0002
12.703 -78.0003
13.8135 -78.0005
14.9241 -78.0006
17.77 -78.0009
20.6159 -78.001
23.4618 -78.0008
26.3077 -78.0007
29.1537 -78.0007
36.7804 -78.0006
44.4072 -78.0007
52.0339 -78.0007
66.6411 -78.0007
98.6112 -78.0007
148.906 -78.0007
234.189 -78.0007
487.445 -78.0007
700 -78.0007
700 -78.0007
700.001 -77.9244
700.003 -77.8488
700.006 -77.6477
700.01 -77.45
700.014 -77.2558
700.021 -76.8524
700.029 -76.4624
700.037 -76.0843
700.044 -75.7169
700.052 -75.3591
700.06 -75.0101
700.067 -74.6693
700.075 -74.336
700.083 -74.01
700.091 -73.6907
700.103 -73.1774
700.116 -72.6806
700.138 -71.8465
700.161 -71.056
700.183 -70.3056
700.205 -69.5924
700.227 -68.9138
700.267 -67.7848
700.307 -66.7468
700.347 -65.7894
700.417 -64.254
700.488 -62.9089
700.559 -61.7218
700.63 -60.6682
700.741 -59.245
700.851 -58.0429
700.962 -57.0208
701.073 -56.1463
701.183 -55.3917
701.294 -54.7282
701.322 -54.5724
701.349 -54.4184
701.377 -54.2636
701.403 -54.1128
701.43 -53.952
701.436 -53.9093
701.443 -53.8652
701.454 -53.7848
701.465 -53.6952
701.471 -53.6419
701.477 -53.5828
701.483 -53.5153
701.486 -53.4752
701.489 -53.4304
701.493 -53.3794
701.494 -53.3444
701.496 -53.3054
701.498 -53.2612
701.5 -53.2099
701.501 -53.1756
701.502 -53.1374
701.504 -53.0944
701.505 -53.0455
701.506 -52.989
701.507 -52.9231
701.508 -52.8452
701.509 -52.752
701.51 -52.6394
701.511 -52.5619
701.512 -52.4747
701.512 -52.3769
701.513 -52.3123
701.513 -52.2432
701.513 -52.1696
701.514 -52.0913
701.514 -52.0083
701.515 -51.9206
701.515 -51.8285
701.515 -51.7322
701.516 -51.6319
701.516 -51.528
701.517 -51.4208
701.517 -51.3109
701.517 -51.1986
701.518 -51.0844
701.518 -50.9686
701.519 -50.8517
701.519 -50.7337
701.519 -50.6152
701.52 -50.3602
701.521 -50.2128
701.521 -50.0654
701.522 -49.918
701.522 -49.7708
701.523 -49.6238
701.523 -49.477
701.524 -49.3305
701.524 -49.1844
701.525 -49.0385
701.526 -48.8084
701.526 -48.5791
701.527 -48.3508
701.529 -47.8471
701.531 -47.3482
701.532 -46.8542
701.534 -46.3652
701.537 -45.4784
701.54 -44.6085
701.544 -43.7551
701.547 -42.9182
701.55 -42.0975
701.553 -41.2929
701.558 -40.0449
701.563 -38.8359
701.569 -37.6647
701.574 -36.5301
701.579 -35.43
701.587 -33.6907
701.595 -32.0202
701.604 -30.3944
701.612 -28.7829
701.62 -27.1496
701.629 -25.4565
701.637 -23.6667
701.65 -20.6428
701.658 -18.5236
701.666 -16.2461
701.675 -13.8202
701.683 -11.2698
701.691 -8.63164
701.699 -5.95209
701.707 -3.28352
701.716 -0.679222
701.729 3.21053
701.742 6.66797
701.75 8.47959
701.757 10.0925
701.765 11.5078
701.773 12.7307
701.781 13.77
701.788 14.637
701.796 15.344
701.808 16.1621
701.821 16.666
701.833 16.8997
701.845 16.9012
701.857 16.7044
701.87 16.3375
701.882 15.8237
701.894 15.1825
701.906 14.4304
701.918 13.5811
701.931 12.6465
701.943 11.6367
701.964 9.72741
701.985 7.65604
702.007 5.45551
702.028 3.1531
702.049 0.772222
702.07 -1.6664
702.091 -4.14426
702.113 -6.64476
702.134 -9.15369
702.155 -11.6598
702.176 -14.1539
702.198 -16.6296
702.219 -19.0836
702.24 -21.517
702.261 -23.9347
702.274 -25.3683
702.282 -26.3342
702.291 -27.3037
702.299 -28.2789
702.308 -29.2625
702.317 -30.3414
702.326 -31.4404
702.335 -32.5656
702.341 -33.25
702.346 -33.9453
702.352 -34.6505
702.357 -35.363
702.363 -36.0802
702.368 -36.7991
702.374 -37.5173
702.381 -38.4646
702.388 -39.4028
702.396 -40.3284
702.403 -41.2388
702.41 -42.1318
702.417 -43.0054
702.424 -43.8577
702.442 -45.7826
702.459 -47.5568
702.476 -49.1655
702.493 -50.6043
702.51 -51.8807
702.528 -53.0106
702.545 -54.0137
702.562 -54.9099
702.579 -55.7179
702.596 -56.4543
702.614 -57.1324
702.631 -57.7628
702.648 -58.3535
702.676 -59.2537
702.704 -60.0788
702.733 -60.8382
702.761 -61.5363
702.789 -62.1749
702.818 -62.7556
702.846 -63.2807
702.904 -64.2026
702.963 -64.9247
703.021 -65.4772
703.08 -65.8906
703.139 -66.1922
703.197 -66.4047
703.256 -66.5464
703.314 -66.6314
703.404 -66.6761
703.495 -66.6428
703.585 -66.5535
703.675 -66.4239
703.765 -66.2661
703.855 -66.0895
703.945 -65.902
704.102 -65.5676
704.259 -65.2397
704.415 -64.9315
704.572 -64.6498
704.728 -64.3981
704.885 -64.1767
705.042 -63.9844
705.198 -63.8188
705.457 -63.5965
705.715 -63.4261
705.973 -63.2955
706.232 -63.1946
706.631 -63.08
707.03 -62.9991
707.43 -62.94
707.829 -62.895
708.228 -62.8582
708.628 -62.8262
709.027 -62.7972
709.426 -62.7707
709.826 -62.7461
710.487 -62.7085
711.149 -62.6733
711.811 -62.6393
712.473 -62.6064
713.134 -62.575
714.178 -62.528
715.222 -62.4838
716.266 -62.4415
717.906 -62.378
719.547 -62.3172
722.236 -62.2211
726.318 -62.0771
730.399 -61.9332
734.48 -61.7794
738.561 -61.6099
742.642 -61.4275
746.723 -61.2281
750.804 -61.0088
757.532 -60.6041
764.261 -60.1329
768.506 -59.8147
772.752 -59.4694
776.997 -59.0993
781.243 -58.7104
785.488 -58.3035
789.734 -57.8826
793.979 -57.452
798.225 -57.0132
802.471 -56.5704
806.716 -56.1252
810.962 -55.6781
815.207 -55.2095
819.453 -54.7169
819.718 -54.6746
819.784 -54.6606
819.851 -54.6453
819.917 -54.6292
820.037 -54.6004
820.156 -54.5711
820.276 -54.5398
820.395 -54.5067
820.515 -54.4701
820.635 -54.428
820.754 -54.3793
820.819 -54.3486
820.883 -54.3126
820.948 -54.2691
820.983 -54.2409
821.018 -54.2081
821.054 -54.1686
821.089 -54.1187
821.098 -54.1043
821.107 -54.0889
821.116 -54.0723
821.139 -54.0192
821.153 -53.9808
821.167 -53.9344
821.181 -53.8758
821.188 -53.8367
821.196 -53.7901
821.203 -53.7324
821.207 -53.694
821.212 -53.6491
821.216 -53.5953
821.218 -53.5562
821.221 -53.5113
821.223 -53.4587
821.226 -53.3963
821.229 -53.3208
821.23 -53.2713
821.231 -53.2153
821.233 -53.1514
821.234 -53.078
821.236 -52.993
821.238 -52.8339
821.24 -52.6311
821.241 -52.496
821.243 -52.3417
821.244 -52.1439
821.245 -51.918
821.247 -51.6638
821.248 -51.4709
821.249 -51.2659
821.25 -51.0501
821.25 -50.825
821.251 -50.5922
821.253 -50.2028
821.254 -49.9395
821.255 -49.6731
821.256 -49.4048
821.257 -49.1355
821.258 -48.8658
821.259 -48.5963
821.261 -48.1814
821.262 -47.7688
821.264 -47.3592
821.265 -46.953
821.267 -46.5505
821.268 -46.1517
821.27 -45.7568
821.272 -45.3658
821.273 -44.9789
821.276 -44.3614
821.278 -43.7544
821.281 -43.1579
821.283 -42.5719
821.288 -41.4392
821.293 -40.3471
821.297 -39.5713
821.301 -38.8168
821.304 -38.0834
821.308 -37.3705
821.312 -36.6777
821.316 -36.0041
821.319 -35.349
821.323 -34.7114
821.327 -34.09
821.33 -33.4833
821.334 -32.8895
821.338 -32.3068
821.345 -31.1584
821.35 -30.4031
821.355 -29.6493
821.36 -28.8909
821.365 -28.1216
821.37 -27.3355
821.375 -26.5267
821.38 -25.6899
821.385 -24.8205
821.39 -23.9146
821.399 -22.1524
821.408 -20.2483
821.417 -18.2042
821.426 -16.0348
821.435 -13.7677
821.444 -11.441
821.453 -9.10028
821.463 -6.79459
821.472 -4.57224
821.487 -1.14754
821.502 1.7757
821.517 4.11847
821.533 5.87251
821.548 7.07779
821.563 7.7954
821.578 8.09136
821.594 8.03004
821.609 7.67004
821.624 7.06133
821.639 6.24515
821.654 5.25583
821.67 4.12205
821.685 2.86738
821.7 1.51095
821.715 0.0684576
821.731 -1.44698
821.746 -3.02411
821.761 -4.65332
821.776 -6.32651
821.792 -8.03699
821.807 -9.77911
821.822 -11.5476
821.837 -13.3377
821.853 -15.1452
821.868 -16.9679
821.883 -18.8044
821.894 -20.1561
821.905 -21.5154
821.916 -22.8835
821.928 -24.262
821.939 -25.6525
821.95 -27.0561
821.958 -28.0562
821.966 -29.0625
821.973 -30.0727
821.981 -31.0826
821.989 -32.0869
821.995 -32.7989
822 -33.5049
822.006 -34.2038
822.012 -34.8949
822.017 -35.5773
822.023 -36.2508
822.029 -36.9149
822.034 -37.5693
822.04 -38.2138
822.049 -39.258
822.059 -40.2728
822.068 -41.2573
822.077 -42.2104
822.094 -43.896
822.112 -45.4651
822.129 -46.9125
822.155 -48.8176
822.18 -50.4639
822.206 -51.8732
822.231 -53.0864
822.257 -54.1452
822.282 -55.0851
822.307 -55.9331
822.333 -56.7089
822.376 -57.8767
822.418 -58.9123
822.461 -59.8318
822.503 -60.6409
822.546 -61.3435
822.589 -61.9466
822.631 -62.4591
822.702 -63.1397
822.774 -63.6387
822.845 -63.9969
822.916 -64.2465
822.987 -64.4123
823.059 -64.5132
823.13 -64.5642
823.201 -64.5769
823.317 -64.5385
823.434 -64.4509
823.55 -64.333
823.666 -64.1985
823.782 -64.0571
823.899 -63.9156
824.079 -63.7058
824.26 -63.5155
824.441 -63.3476
824.622 -63.2023
824.802 -63.0783
824.983 -62.9735
825.26 -62.8449
825.536 -62.7467
825.812 -62.6708
826.089 -62.6111
826.365 -62.5633
826.642 -62.5242
826.918 -62.4915
827.368 -62.4472
827.818 -62.41
828.267 -62.3771
828.717 -62.347
829.167 -62.3187
829.881 -62.2761
830.595 -62.2354
831.309 -62.1963
832.023 -62.1584
833.541 -62.0807
836.363 -61.9429
839.185 -61.8072
842.007 -61.6739
844.829 -61.5376
847.652 -61.3968
850.474 -61.2509
853.296 -61.0967
856.118 -60.9345
858.94 -60.7637
861.763 -60.5828
864.585 -60.3922
867.407 -60.1914
870.229 -59.9801
875.761 -59.5375
881.292 -59.0546
886.824 -58.5449
892.355 -58.0061
897.887 -57.4417
903.419 -56.8693
908.95 -56.2965
914.482 -55.7143
920.013 -55.1032
921.396 -54.9336
921.742 -54.8857
922.088 -54.8342
922.433 -54.7813
922.779 -54.7273
923.125 -54.6684
923.211 -54.6528
923.298 -54.637
923.384 -54.6205
923.52 -54.5926
923.656 -54.563
923.792 -54.531
923.928 -54.4952
924.064 -54.4553
924.2 -54.4083
924.336 -54.3482
924.37 -54.3305
924.404 -54.311
924.438 -54.2892
924.472 -54.2645
924.527 -54.2163
924.54 -54.2024
924.554 -54.1874
924.589 -54.1428
924.597 -54.13
924.606 -54.1164
924.621 -54.0901
924.629 -54.0739
924.637 -54.0563
924.651 -54.0235
924.665 -53.9845
924.679 -53.937
924.693 -53.8763
924.696 -53.8585
924.7 -53.8392
924.707 -53.7915
924.714 -53.7319
924.718 -53.6939
924.722 -53.6494
924.726 -53.5964
924.729 -53.5571
924.731 -53.512
924.734 -53.4593
924.736 -53.3969
924.739 -53.3215
924.74 -53.2713
924.741 -53.2146
924.743 -53.1499
924.744 -53.0756
924.746 -52.9897
924.747 -52.8899
924.749 -52.7733
924.75 -52.6369
924.751 -52.5392
924.752 -52.4314
924.753 -52.3128
924.754 -52.1827
924.754 -52.0407
924.755 -51.8865
924.756 -51.7204
924.757 -51.5425
924.758 -51.3538
924.759 -51.155
924.76 -50.9475
924.761 -50.7324
924.762 -50.5111
924.762 -50.2849
924.763 -50.0549
924.764 -49.8221
924.765 -49.5874
924.766 -49.2308
924.768 -48.8733
924.769 -48.5161
924.771 -48.1602
924.772 -47.7853
924.773 -47.4129
924.776 -46.7174
924.778 -46.3105
924.779 -45.9075
924.781 -45.5085
924.782 -45.1137
924.784 -44.7231
924.786 -44.3366
924.787 -43.9543
924.79 -43.2492
924.793 -42.5587
924.796 -41.8827
924.799 -41.221
924.807 -39.643
924.814 -38.1501
924.821 -36.7393
924.829 -35.4053
924.836 -34.1406
924.844 -32.934
924.851 -31.7717
924.858 -30.6364
924.866 -29.5093
924.873 -28.3701
924.881 -27.1988
924.888 -26.044
924.895 -24.8302
924.902 -23.5442
924.909 -22.1767
924.916 -20.7231
924.923 -19.1836
924.93 -17.5629
924.937 -15.8705
924.948 -13.0133
924.96 -10.0832
924.971 -7.17227
924.982 -4.37761
924.994 -1.78634
925.005 0.535238
925.016 2.54548
925.028 4.22609
925.039 5.57794
925.051 6.61579
925.062 7.36291
925.083 8.07409
925.105 8.0325
925.126 7.41152
925.148 6.34782
925.169 4.93732
925.191 3.25185
925.212 1.35159
925.233 -0.714813
925.255 -2.91171
925.276 -5.21407
925.29 -6.74927
925.299 -7.78696
925.309 -8.83579
925.318 -9.89489
925.327 -10.9637
925.336 -12.041
925.343 -12.8305
925.35 -13.6235
925.356 -14.4199
925.363 -15.2156
925.37 -16.0142
925.376 -16.8153
925.383 -17.6191
925.391 -18.5824
925.399 -19.5493
925.407 -20.52
925.415 -21.4947
925.423 -22.4736
925.431 -23.4576
925.439 -24.4472
925.447 -25.4433
925.455 -26.4463
925.463 -27.4565
925.471 -28.4735
925.479 -29.4959
925.487 -30.5202
925.495 -31.5414
925.503 -32.5548
925.511 -33.5566
925.519 -34.5443
925.527 -35.5156
925.535 -36.4689
925.543 -37.4028
925.551 -38.3168
925.559 -39.2103
925.567 -40.0825
925.575 -40.9324
925.583 -41.7595
925.591 -42.5632
925.599 -43.343
925.607 -44.0984
925.619 -45.1874
925.631 -46.2183
925.643 -47.1899
925.655 -48.1015
925.667 -48.9536
925.679 -49.7477
925.7 -51.0091
925.721 -52.1197
925.742 -53.1037
925.763 -53.9844
925.784 -54.7817
925.805 -55.5117
925.826 -56.1867
925.861 -57.2218
925.897 -58.1548
925.932 -58.9995
925.968 -59.7626
926.003 -60.448
926.038 -61.0592
926.074 -61.6002
926.14 -62.4396
926.206 -63.0841
926.272 -63.5683
926.338 -63.9242
926.405 -64.1794
926.471 -64.3561
926.537 -64.4716
926.603 -64.5391
926.669 -64.5692
926.735 -64.5699
926.836 -64.5286
926.937 -64.4515
927.038 -64.3515
927.192 -64.1763
927.345 -63.991
927.499 -63.8084
927.652 -63.6362
927.806 -63.4789
927.96 -63.3383
928.113 -63.2144
928.346 -63.0565
928.578 -62.9298
928.81 -62.8283
929.043 -62.7468
929.275 -62.6812
929.626 -62.6045
929.978 -62.5469
930.329 -62.5017
930.68 -62.4647
931.031 -62.433
931.382 -62.4049
931.929 -62.3657
932.476 -62.3299
933.023 -62.2965
933.57 -62.2647
934.479 -62.2139
936.354 -62.1151
938.229 -62.0203
940.104 -61.9285
941.98 -61.8387
943.855 -61.7496
945.73 -61.6608
947.605 -61.5704
949.481 -61.4784
951.356 -61.3843
954.423 -61.2246
960.301 -60.898
962.996 -60.7227
965.691 -60.545
968.386 -60.3622
971.08 -60.169
973.775 -59.966
978.552 -59.5798
983.329 -59.166
988.106 -58.7262
992.883 -58.2638
997.66 -57.7834
1002.44 -57.2901
1009.82 -56.515
1017.2 -55.7344
1019.04 -55.536
1020.89 -55.3317
1022.73 -55.1172
1024.58 -54.8891
1025.04 -54.827
1025.5 -54.7598
1025.96 -54.684
1026.07 -54.6639
1026.19 -54.6436
1026.3 -54.6223
1026.42 -54.5996
1026.54 -54.5751
1026.71 -54.5346
1026.89 -54.4892
1027.07 -54.435
1027.25 -54.3672
1027.29 -54.3473
1027.34 -54.3249
1027.38 -54.2993
1027.43 -54.2697
1027.47 -54.2346
1027.52 -54.1922
1027.54 -54.1671
1027.56 -54.1382
1027.58 -54.1042
1027.61 -54.0628
1027.62 -54.0389
1027.63 -54.012
1027.64 -53.981
1027.65 -53.9447
1027.66 -53.9222
1027.66 -53.8973
1027.67 -53.8692
1027.67 -53.8373
1027.68 -53.8002
1027.68 -53.7797
1027.69 -53.7574
1027.69 -53.7328
1027.69 -53.7057
1027.7 -53.6753
1027.7 -53.6442
1027.7 -53.6092
1027.7 -53.5694
1027.71 -53.5233
1027.71 -53.4691
1027.71 -53.4043
1027.71 -53.3586
1027.71 -53.3067
1027.72 -53.2471
1027.72 -53.1782
1027.72 -53.0976
1027.72 -53.0025
1027.72 -52.8896
1027.72 -52.8372
1027.72 -52.7809
1027.73 -52.6473
1027.73 -52.4911
1027.73 -52.3088
1027.73 -52.0977
1027.73 -51.8563
1027.73 -51.5845
1027.73 -51.3933
1027.73 -51.1912
1027.74 -50.9795
1027.74 -50.7595
1027.74 -50.5327
1027.74 -50.1619
1027.74 -49.9018
1027.74 -49.6389
1027.74 -49.3742
1027.74 -49.1085
1027.74 -48.8425
1027.74 -48.5767
1027.75 -48.1535
1027.75 -47.7327
1027.75 -47.3151
1027.75 -46.901
1027.75 -46.4907
1027.75 -46.0844
1027.76 -45.6821
1027.76 -45.284
1027.76 -44.8901
1027.76 -44.26
1027.76 -43.6409
1027.77 -43.0329
1027.77 -42.4358
1027.77 -41.3198
1027.78 -40.2435
1027.78 -39.2065
1027.79 -38.2081
1027.79 -37.2474
1027.8 -36.323
1027.8 -35.4332
1027.81 -34.5755
1027.81 -33.7466
1027.82 -32.9427
1027.82 -32.1593
1027.83 -31.3913
1027.83 -30.6328
1027.84 -29.8777
1027.85 -28.6605
1027.86 -27.4103
1027.86 -26.1027
1027.87 -24.7166
1027.88 -23.2352
1027.89 -21.6476
1027.9 -19.9498
1027.9 -18.1453
1027.91 -16.2453
1027.92 -14.268
1027.93 -12.2383
1027.94 -10.186
1027.94 -8.14408
1027.95 -6.14576
1027.96 -4.22277
1027.97 -2.4032
1027.98 0.584024
1028 3.05917
1028.01 4.99276
1028.03 6.40447
1028.04 7.33927
1028.06 7.85158
1028.07 7.9992
1028.08 7.83837
1028.1 7.55274
1028.11 7.1441
1028.12 6.62722
1028.13 5.89783
1028.14 5.0551
1028.15 4.11467
1028.17 3.08987
1028.18 1.99207
1028.19 0.830902
1028.21 -0.385618
1028.21 -1.31336
1028.22 -2.26465
1028.23 -3.23699
1028.24 -4.22841
1028.25 -5.23736
1028.26 -6.26218
1028.27 -7.30118
1028.28 -8.05647
1028.28 -8.81786
1028.29 -9.58478
1028.3 -10.3567
1028.3 -11.1335
1028.31 -11.9147
1028.32 -12.7001
1028.32 -13.4891
1028.33 -14.2815
1028.34 -15.0771
1028.34 -15.8757
1028.35 -16.6772
1028.36 -17.4812
1028.36 -18.0708
1028.37 -18.6618
1028.37 -19.2542
1028.38 -19.8478
1028.38 -20.4428
1028.39 -21.0393
1028.39 -21.6375
1028.4 -22.2374
1028.4 -22.839
1028.41 -23.4425
1028.41 -24.0481
1028.42 -24.656
1028.42 -25.2663
1028.43 -25.8791
1028.43 -26.4945
1028.44 -27.1126
1028.44 -27.7333
1028.45 -28.3564
1028.45 -28.9816
1028.46 -30.0202
1028.47 -31.0586
1028.47 -32.0915
1028.48 -33.1141
1028.49 -34.1226
1028.5 -35.1148
1028.51 -36.089
1028.52 -37.044
1028.52 -37.9787
1028.54 -40.1772
1028.56 -42.2383
1028.58 -44.1538
1028.6 -45.9154
1028.62 -47.516
1028.64 -48.9526
1028.66 -50.2313
1028.68 -51.3662
1028.7 -52.3755
1028.72 -53.2782
1028.75 -54.5558
1028.79 -55.6646
1028.82 -56.6511
1028.85 -57.5443
1028.88 -58.3603
1028.91 -59.1071
1028.95 -59.7886
1028.98 -60.4074
1029.01 -60.9655
1029.08 -61.9405
1029.14 -62.6987
1029.21 -63.2743
1029.28 -63.7022
1029.34 -64.0133
1029.41 -64.2332
1029.48 -64.3823
1029.54 -64.476
1029.61 -64.5265
1029.68 -64.5432
1029.74 -64.5335
1029.85 -64.4791
1029.95 -64.3918
1030.05 -64.2843
1030.16 -64.1654
1030.32 -63.9675
1030.49 -63.7734
1030.65 -63.5919
1030.82 -63.4274
1030.99 -63.2819
1031.15 -63.1554
1031.4 -62.998
1031.65 -62.8739
1031.9 -62.7762
1032.15 -62.6987
1032.4 -62.6369
1032.64 -62.5869
1033.03 -62.5262
1033.42 -62.4793
1033.8 -62.4411
1034.19 -62.4084
1034.58 -62.3792
1034.96 -62.3523
1035.58 -62.3123
1036.2 -62.2749
1036.82 -62.2392
1037.44 -62.2049
1038.06 -62.1714
1039.35 -62.1033
1041.32 -62.0045
1043.28 -61.9098
1045.25 -61.8167
1047.21 -61.7244
1049.18 -61.6316
1051.14 -61.5377
1053.11 -61.4399
1055.07 -61.3396
1057.04 -61.2366
1059 -61.1292
1060.97 -61.0187
1062.93 -60.904
1064.9 -60.7842
1066.86 -60.6604
1068.82 -60.5315
1070.79 -60.3976
1072.75 -60.2592
1075.96 -60.0222
1079.17 -59.7716
1082.38 -59.5084
1088.09 -59.0103
1093.81 -58.4732
1099.52 -57.9161
1105.24 -57.3364
1110.95 -56.7389
1116.67 -56.1403
1122.38 -55.5395
1125.58 -55.1859
1126.38 -55.0912
1127.18 -54.9905
1127.98 -54.8825
1129.43 -54.6614
1129.79 -54.5968
1130.15 -54.5205
1130.51 -54.4201
1130.6 -54.3882
1130.69 -54.3498
1130.78 -54.3014
1130.88 -54.236
1130.9 -54.2158
1130.92 -54.1934
1130.96 -54.1487
1131 -54.0903
1131.01 -54.0728
1131.01 -54.0537
1131.03 -54.0117
1131.05 -53.959
1131.06 -53.9196
1131.07 -53.8719
1131.08 -53.8116
1131.09 -53.794
1131.09 -53.7751
1131.09 -53.7298
1131.1 -53.6746
1131.1 -53.6367
1131.11 -53.5928
1131.11 -53.541
1131.11 -53.4786
1131.11 -53.4362
1131.12 -53.388
1131.12 -53.3324
1131.12 -53.2675
1131.12 -53.191
1131.12 -53.0996
1131.13 -52.9891
1131.13 -52.8542
1131.13 -52.6883
1131.13 -52.5878
1131.13 -52.4759
1131.13 -52.3515
1131.13 -52.2136
1131.13 -52.0616
1131.14 -51.8951
1131.14 -51.714
1131.14 -51.5189
1131.14 -51.3106
1131.14 -51.0905
1131.14 -50.8601
1131.14 -50.6212
1131.14 -50.3753
1131.14 -50.1242
1131.14 -49.8693
1131.15 -49.6117
1131.15 -49.3525
1131.15 -49.0924
1131.15 -48.832
1131.15 -48.5719
1131.15 -48.3123
1131.15 -47.9217
1131.15 -47.5337
1131.15 -47.1485
1131.16 -46.7665
1131.16 -46.3878
1131.16 -46.0125
1131.16 -45.6407
1131.16 -45.023
1131.17 -44.4155
1131.17 -43.8182
1131.17 -43.231
1131.18 -42.1844
1131.18 -41.1715
1131.18 -40.1917
1131.19 -39.2447
1131.19 -38.3299
1131.2 -37.4466
1131.21 -35.8835
1131.22 -34.4163
1131.22 -33.0306
1131.23 -31.7059
1131.24 -30.4161
1131.25 -29.1314
1131.26 -27.8203
1131.27 -25.7234
1131.28 -23.4125
1131.3 -20.8319
1131.31 -17.9702
1131.32 -14.8682
1131.33 -11.6141
1131.35 -8.32901
1131.36 -5.14756
1131.37 -2.19667
1131.39 0.423749
1131.4 2.652
1131.41 4.4643
1131.43 6.51548
1131.45 7.35575
1131.46 7.82909
1131.47 7.98236
1131.49 7.85983
1131.51 7.04265
1131.54 5.63018
1131.56 3.78023
1131.59 1.60676
1131.61 -0.80963
1131.64 -3.41111
1131.66 -6.15433
1131.69 -9.00496
1131.71 -11.9355
1131.74 -14.9249
1131.77 -17.9583
1131.79 -21.0286
1131.82 -24.1395
1131.83 -25.9702
1131.84 -27.1607
1131.85 -28.3609
1131.86 -29.5687
1131.87 -30.7789
1131.88 -31.5659
1131.88 -32.3483
1131.89 -33.1242
1131.89 -33.892
1131.9 -34.6506
1131.91 -36.2163
1131.93 -37.732
1131.94 -39.1943
1131.95 -40.6004
1131.96 -41.9472
1131.98 -43.2319
1131.99 -44.4522
1132.01 -46.2607
1132.03 -47.8925
1132.05 -49.3464
1132.07 -50.6321
1132.09 -51.7676
1132.12 -52.7743
1132.14 -53.6733
1132.16 -54.4844
1132.18 -55.2247
1132.21 -56.3114
1132.25 -57.2847
1132.28 -58.1665
1132.31 -58.9681
1132.35 -59.6953
1132.4 -60.6742
1132.45 -61.4972
1132.5 -62.18
1132.55 -62.7402
1132.61 -63.1934
1132.66 -63.5545
1132.71 -63.8378
1132.79 -64.1585
1132.87 -64.3611
1132.96 -64.4778
1133.04 -64.531
1133.12 -64.5364
1133.2 -64.5066
1133.34 -64.398
1133.48 -64.2469
1133.63 -64.0791
1133.77 -63.9101
1133.91 -63.747
1134.05 -63.5929
1134.19 -63.4508
1134.33 -63.3225
1134.48 -63.2087
1134.62 -63.1081
1134.88 -62.9545
1135.14 -62.8348
1135.4 -62.7413
1135.66 -62.6676
1135.92 -62.6091
1136.19 -62.562
1136.45 -62.5234
1136.88 -62.4721
1137.53 -62.4118
1138.19 -62.3626
1138.84 -62.3197
1139.5 -62.2801
1140.15 -62.2422
1140.81 -62.2056
1141.46 -62.1701
1142.55 -62.1131
1143.63 -62.0578
1144.72 -62.0038
1145.8 -61.9508
1148.08 -61.8416
1151.56 -61.6763
1155.04 -61.5058
1158.52 -61.3311
1162 -61.1443
1165.48 -60.9456
1166.85 -60.865
1168.22 -60.7812
1169.59 -60.6951
1171.81 -60.5513
1176.55 -60.2245
1181.3 -59.8577
1186.05 -59.4654
1190.79 -59.0589
1193.02 -58.846
1194.23 -58.7299
1195.45 -58.6147
1196.66 -58.4988
1197.88 -58.3816
1200.19 -58.1557
1201.23 -58.0522
1202.27 -57.9482
1203.98 -57.7758
1207.15 -57.4538
1208.56 -57.3076
1209.97 -57.1609
1211.38 -57.0146
1213.6 -56.7832
1216.98 -56.431
1218.34 -56.2857
1219.71 -56.1413
1221.07 -55.997
1223.14 -55.778
1225.22 -55.5541
1227.3 -55.3259
1228.19 -55.2237
1229.08 -55.1185
1230.48 -54.9447
1231.88 -54.7527
1232.23 -54.6988
1232.58 -54.6384
1232.93 -54.569
1233.28 -54.4838
1233.37 -54.4589
1233.46 -54.431
1233.61 -54.3708
1233.65 -54.3533
1233.69 -54.3342
1233.78 -54.2786
1233.8 -54.2622
1233.83 -54.2444
1233.87 -54.2019
1233.9 -54.1748
1233.92 -54.1435
1233.95 -54.1061
1233.97 -54.0596
1233.98 -54.0464
1233.98 -54.0323
1233.99 -54.0088
1234 -53.9846
1234.01 -53.9575
1234.02 -53.9265
1234.03 -53.8907
1234.03 -53.8481
1234.04 -53.7961
1234.05 -53.7579
1234.05 -53.7128
1234.06 -53.6582
1234.06 -53.6198
1234.07 -53.5753
1234.07 -53.5229
1234.07 -53.4598
1234.07 -53.4167
1234.07 -53.3677
1234.08 -53.3112
1234.08 -53.2455
1234.08 -53.1682
1234.08 -53.0762
1234.08 -52.9657
1234.09 -52.8315
1234.09 -52.6678
1234.09 -52.5694
1234.09 -52.4602
1234.09 -52.3395
1234.09 -52.2063
1234.09 -52.0602
1234.09 -51.9006
1234.09 -51.7278
1234.1 -51.5421
1234.1 -51.3442
1234.1 -51.1353
1234.1 -50.9167
1234.1 -50.69
1234.1 -50.4565
1234.1 -50.2178
1234.1 -49.9751
1234.1 -49.7296
1234.1 -49.4823
1234.1 -49.137
1234.11 -48.791
1234.11 -48.4456
1234.11 -48.1014
1234.11 -47.7589
1234.11 -47.4186
1234.11 -47.0805
1234.11 -46.7449
1234.12 -46.4119
1234.12 -46.0815
1234.12 -45.7539
1234.12 -45.4289
1234.12 -44.9329
1234.12 -44.4435
1234.13 -43.9607
1234.13 -43.4846
1234.13 -42.7764
1234.13 -41.7399
1234.14 -40.7371
1234.14 -39.7676
1234.15 -38.8309
1234.16 -37.2481
1234.16 -35.7602
1234.17 -34.3581
1234.18 -33.0285
1234.19 -31.7533
1234.2 -30.5103
1234.2 -29.8388
1234.21 -29.1654
1234.21 -28.4855
1234.22 -27.7946
1234.22 -27.0883
1234.23 -25.7682
1234.24 -24.3665
1234.24 -22.868
1234.25 -21.2624
1234.26 -19.5465
1234.27 -17.7249
1234.28 -15.8102
1234.28 -13.8223
1234.29 -11.7872
1234.3 -9.73542
1234.31 -7.70009
1234.32 -5.71433
1234.33 -2.25052
1234.34 0.783739
1234.35 2.34371
1234.36 3.70205
1234.37 4.85898
1234.38 5.81965
1234.39 6.59286
1234.4 7.19002
1234.41 7.62403
1234.42 7.99981
1234.43 8.08144
1234.45 7.71747
1234.48 6.87368
1234.5 5.65884
1234.52 4.15716
1234.54 2.42977
1234.56 0.523219
1234.58 -1.52598
1234.6 -3.6891
1234.62 -5.94304
1234.64 -8.26933
1234.66 -10.6523
1234.68 -12.1898
1234.69 -13.7425
1234.7 -15.3084
1234.71 -16.8857
1234.73 -18.4733
1234.74 -20.0707
1234.75 -21.6787
1234.77 -23.2991
1234.78 -24.9343
1234.79 -26.5871
1234.8 -27.4052
1234.81 -28.2278
1234.81 -29.0541
1234.82 -29.8825
1234.83 -30.711
1234.83 -31.5371
1234.84 -32.3584
1234.85 -33.1725
1234.85 -33.9777
1234.86 -34.7728
1234.87 -35.5568
1234.88 -36.9969
1234.89 -38.3917
1234.9 -39.7384
1234.91 -41.0345
1234.93 -42.2778
1234.96 -45.0757
1234.99 -47.5219
1235.01 -49.6089
1235.03 -50.7132
1235.05 -51.703
1235.07 -52.5931
1235.09 -53.3985
1235.12 -54.604
1235.15 -55.6589
1235.18 -56.6029
1235.21 -57.4611
1235.24 -58.2478
1235.27 -58.9706
1235.3 -59.6335
1235.33 -60.2388
1235.36 -60.7884
1235.42 -61.6922
1235.48 -62.4208
1235.54 -62.9973
1235.6 -63.4457
1235.65 -63.7891
1235.71 -64.0474
1235.77 -64.2373
1235.83 -64.3723
1235.93 -64.5021
1236.02 -64.5469
1236.12 -64.5331
1236.22 -64.4786
1236.31 -64.3963
1236.41 -64.2958
1236.51 -64.1849
1236.66 -64.0023
1236.81 -63.8216
1236.96 -63.6506
1237.12 -63.4935
1237.27 -63.3521
1237.42 -63.2269
1237.65 -63.0651
1237.89 -62.9351
1238.12 -62.8311
1238.35 -62.7477
1238.58 -62.6805
1238.82 -62.6261
1239.21 -62.5555
1239.6 -62.5023
1239.99 -62.4602
1240.38 -62.4249
1240.77 -62.3939
1241.37 -62.3515
1241.97 -62.3128
1242.57 -62.2768
1243.16 -62.2425
1243.76 -62.2091
1244.71 -62.1583
1246.2 -62.081
1247.69 -62.0062
1249.18 -61.9333
1250.67 -61.8617
1253.15 -61.7441
1256.91 -61.5644
1260.67 -61.3752
1264.43 -61.1765
1268.18 -60.9653
1271.94 -60.7379
1275.7 -60.4935
1277.22 -60.3903
1278.74 -60.2836
1280.26 -60.1735
1283.47 -59.932
1286.68 -59.6767
1289.9 -59.4077
1296.86 -58.7734
1303.82 -58.0893
1310.78 -57.3694
1317.74 -56.6304
1324.7 -55.8833
1326.44 -55.6976
1328.18 -55.5071
1329.93 -55.3137
1331.67 -55.1122
1333.41 -54.8988
1333.84 -54.8401
1334.28 -54.7754
1334.71 -54.7043
1335.45 -54.5634
1335.63 -54.5218
1335.82 -54.4736
1336 -54.4144
1336.05 -54.3974
1336.09 -54.3787
1336.17 -54.3416
1336.25 -54.296
1336.29 -54.2676
1336.34 -54.2343
1336.38 -54.1939
1336.42 -54.1419
1336.43 -54.1268
1336.44 -54.1105
1336.45 -54.0927
1336.47 -54.0458
1336.5 -53.9848
1336.5 -53.9667
1336.51 -53.947
1336.52 -53.89
1336.53 -53.8507
1336.54 -53.8035
1336.55 -53.7449
1336.55 -53.7063
1336.55 -53.6611
1336.56 -53.6069
1336.56 -53.5678
1336.56 -53.5229
1336.57 -53.4703
1336.57 -53.4077
1336.57 -53.3624
1336.57 -53.3108
1336.57 -53.2517
1336.58 -53.1833
1336.58 -53.1034
1336.58 -53.0093
1336.58 -52.8975
1336.58 -52.8402
1336.58 -52.778
1336.58 -52.6547
1336.59 -52.5121
1336.59 -52.3477
1336.59 -52.1591
1336.59 -51.9448
1336.59 -51.7046
1336.59 -51.4394
1336.59 -51.2474
1336.59 -51.0461
1336.59 -50.8369
1336.6 -50.5009
1336.6 -50.126
1336.6 -49.8611
1336.6 -49.5934
1336.6 -49.3241
1336.6 -49.0539
1336.6 -48.7835
1336.6 -48.5135
1336.61 -48.0382
1336.61 -47.5663
1336.61 -47.0987
1336.61 -46.6357
1336.61 -46.1776
1336.61 -45.7246
1336.62 -45.2769
1336.62 -44.8344
1336.62 -44.3972
1336.62 -43.6824
1336.63 -42.9821
1336.63 -42.2965
1336.63 -41.6253
1336.64 -40.6226
1336.64 -39.6534
1336.65 -38.7172
1336.65 -37.8132
1336.65 -36.9408
1336.66 -36.0988
1336.66 -35.2855
1336.67 -34.499
1336.68 -33.2786
1336.68 -32.1078
1336.69 -30.9699
1336.7 -29.8456
1336.71 -28.7146
1336.71 -27.5562
1336.72 -26.3507
1336.73 -25.0805
1336.73 -23.7312
1336.74 -22.2929
1336.75 -20.7602
1336.76 -19.1331
1336.76 -17.4173
1336.77 -15.6241
1336.78 -13.7704
1336.79 -11.8774
1336.79 -9.96971
1336.8 -8.07366
1336.81 -6.21605
1336.82 -4.4224
1336.82 -2.71555
1336.83 -1.11464
1336.84 1.13293
1336.85 3.05375
1336.87 4.63574
1336.88 5.88507
1336.89 6.82053
1336.9 7.46824
1336.91 7.8574
1336.92 8.01739
1336.94 7.97601
1336.95 7.75862
1336.97 7.07788
1336.98 6.06661
1337.02 3.90324
1337.05 1.26204
1337.08 -1.7228
1337.11 -4.95329
1337.14 -8.35884
1337.17 -11.8884
1337.2 -15.5043
1337.22 -17.9676
1337.24 -20.4557
1337.26 -22.9705
1337.28 -25.5196
1337.29 -26.8961
1337.3 -28.2856
1337.31 -29.6851
1337.33 -31.9909
1337.33 -32.2356
1337.34 -32.4797
1337.34 -32.9157
1337.34 -33.3492
1337.35 -33.78
1337.35 -34.4482
1337.36 -35.1088
1337.37 -36.261
1337.38 -37.3858
1337.39 -38.4817
1337.4 -39.5472
1337.41 -41.0993
1337.42 -42.5755
1337.44 -43.9727
1337.45 -45.2879
1337.48 -47.2008
1337.5 -48.8953
1337.52 -50.3751
1337.55 -51.6621
1337.57 -52.787
1337.59 -53.7799
1337.62 -54.6672
1337.64 -55.4707
1337.68 -56.6969
1337.72 -57.782
1337.76 -58.7536
1337.8 -59.6227
1337.84 -60.3945
1337.87 -61.0736
1337.91 -61.6661
1337.98 -62.4408
1338.04 -63.0452
1338.1 -63.5077
1338.16 -63.855
1338.22 -64.1104
1338.29 -64.2929
1338.35 -64.4176
1338.41 -64.4965
1338.51 -64.5495
1338.61 -64.5395
1338.7 -64.4866
1338.8 -64.4047
1338.9 -64.3038
1339 -64.1917
1339.1 -64.0742
1339.26 -63.8782
1339.42 -63.6913
1339.58 -63.5197
1339.75 -63.3658
1339.91 -63.2303
1340.07 -63.1126
1340.32 -62.9642
1340.57 -62.8475
1340.82 -62.7554
1341.07 -62.6824
1341.31 -62.6239
1341.56 -62.5764
1341.95 -62.5182
1342.34 -62.4728
1342.72 -62.4356
1343.11 -62.4035
1343.5 -62.3746
1344.09 -62.3347
1344.67 -62.2977
1345.26 -62.2628
1345.85 -62.2294
1346.44 -62.1969
1347.68 -62.1306
1349.63 -62.0311
1351.58 -61.9365
1353.53 -61.844
1355.48 -61.7528
1357.43 -61.6618
1359.38 -61.5691
1361.33 -61.4729
1363.28 -61.3745
1365.23 -61.273
1367.18 -61.1679
1369.12 -61.0599
1371.07 -60.9475
1373.02 -60.8305
1374.97 -60.7093
1376.92 -60.5832
1378.87 -60.4525
1380.82 -60.3172
1382.77 -60.1766
1384.72 -60.0313
1386.67 -59.8812
1388.62 -59.726
1391.81 -59.4623
1395 -59.186
1398.2 -58.898
1401.39 -58.5998
1404.58 -58.2922
1410.04 -57.7473
1415.5 -57.1864
1420.96 -56.6176
1430.48 -55.6218
1432.86 -55.3661
1435.23 -55.0925
1437.61 -54.7954
1438.21 -54.7084
1438.8 -54.602
1438.95 -54.5703
1439.1 -54.5355
1439.25 -54.4957
1439.39 -54.4507
1439.43 -54.4383
1439.47 -54.4252
1439.51 -54.4114
1439.57 -54.3869
1439.63 -54.3595
1439.69 -54.3285
1439.78 -54.2692
1439.81 -54.2518
1439.83 -54.2324
1439.85 -54.2107
1439.88 -54.1863
1439.9 -54.1583
1439.92 -54.1257
1439.95 -54.0866
1439.96 -54.0622
1439.97 -54.0345
1439.98 -54.0024
1440 -53.9645
1440 -53.9423
1440.01 -53.9176
1440.02 -53.8898
1440.02 -53.8582
1440.03 -53.8215
1440.03 -53.8008
1440.04 -53.7782
1440.04 -53.7533
1440.04 -53.7257
1440.05 -53.6948
1440.05 -53.6635
1440.05 -53.6283
1440.05 -53.588
1440.06 -53.5411
1440.06 -53.4857
1440.06 -53.4189
1440.06 -53.3747
1440.07 -53.3245
1440.07 -53.2671
1440.07 -53.2006
1440.07 -53.1231
1440.07 -53.0318
1440.07 -52.9232
1440.08 -52.7934
1440.08 -52.6375
1440.08 -52.5415
1440.08 -52.4357
1440.08 -52.3192
1440.08 -52.1915
1440.08 -52.0521
1440.08 -51.9007
1440.08 -51.7374
1440.09 -51.5624
1440.09 -51.3765
1440.09 -51.1805
1440.09 -50.9756
1440.09 -50.7629
1440.09 -50.5438
1440.09 -50.2042
1440.09 -49.8566
1440.09 -49.5043
1440.09 -49.1497
1440.1 -48.7943
1440.1 -48.4395
1440.1 -48.0859
1440.1 -47.7341
1440.1 -47.3846
1440.1 -47.0375
1440.1 -46.693
1440.11 -46.1323
1440.11 -45.5793
1440.11 -45.0342
1440.11 -44.4969
1440.12 -43.3566
1440.12 -42.691
1440.12 -42.0389
1440.13 -41.3071
1440.13 -40.5926
1440.13 -39.8952
1440.14 -39.215
1440.14 -38.5515
1440.14 -37.9045
1440.15 -37.2738
1440.15 -36.6589
1440.15 -36.0594
1440.16 -35.4746
1440.16 -34.9039
1440.17 -33.9942
1440.17 -33.1155
1440.18 -32.2621
1440.18 -31.4275
1440.19 -30.0479
1440.2 -28.6641
1440.21 -27.2378
1440.22 -25.7333
1440.23 -24.1207
1440.24 -22.378
1440.25 -20.494
1440.25 -18.4695
1440.26 -16.3179
1440.27 -14.0653
1440.29 -10.4503
1440.3 -6.85217
1440.31 -3.45043
1440.33 -0.401859
1440.34 2.18913
1440.36 4.27702
1440.37 5.86322
1440.39 6.97929
1440.4 7.67291
1440.41 7.99769
1440.43 8.00629
1440.44 7.74656
1440.46 7.26007
1440.47 6.58218
1440.5 4.44854
1440.54 1.72865
1440.57 -1.40028
1440.6 -4.82313
1440.63 -8.45127
1440.67 -12.2165
1440.69 -14.5629
1440.7 -16.1418
1440.71 -17.7319
1440.73 -19.3322
1440.74 -20.9425
1440.74 -21.6376
1440.75 -22.335
1440.76 -23.0349
1440.77 -24.4699
1440.78 -25.918
1440.79 -27.3803
1440.8 -28.8564
1440.8 -28.9838
1440.8 -29.1113
1440.8 -29.2387
1440.81 -29.4332
1440.81 -29.6277
1440.81 -29.8222
1440.81 -30.0167
1440.81 -30.416
1440.82 -30.8148
1440.82 -31.4368
1440.83 -32.0561
1440.83 -32.6718
1440.84 -33.2831
1440.84 -33.8891
1440.85 -35.0664
1440.86 -36.2188
1440.87 -37.344
1440.88 -38.4404
1440.89 -39.5069
1440.9 -40.5421
1440.91 -41.5449
1440.93 -44.0689
1440.96 -46.3329
1440.99 -48.3273
1441.01 -50.0529
1441.04 -51.5283
1441.06 -52.7941
1441.09 -53.8941
1441.11 -54.866
1441.14 -55.7395
1441.17 -56.5361
1441.19 -57.2705
1441.22 -57.9519
1441.24 -58.5859
1441.27 -59.1757
1441.3 -59.7234
1441.33 -60.4708
1441.37 -61.1302
1441.44 -62.0298
1441.5 -62.7364
1441.56 -63.2799
1441.63 -63.6899
1441.69 -63.9931
1441.75 -64.2119
1441.82 -64.3641
1441.88 -64.4637
1441.98 -64.539
1442.08 -64.544
1442.17 -64.501
1442.27 -64.4253
1442.37 -64.328
1442.47 -64.2176
1442.57 -64.1006
1442.73 -63.9062
1442.89 -63.7194
1443.05 -63.5468
1443.21 -63.3913
1443.37 -63.2538
1443.53 -63.134
1443.78 -62.9829
1444.03 -62.8635
1444.27 -62.7691
1444.52 -62.6941
1444.76 -62.6339
1445.01 -62.5851
1445.39 -62.5252
1445.77 -62.4788
1446.16 -62.4409
1446.54 -62.4084
1446.92 -62.3793
1447.5 -62.3395
1448.08 -62.3027
1448.66 -62.2681
1449.24 -62.235
1449.82 -62.2029
1451.02 -62.138
1452.92 -62.0406
1454.82 -61.9481
1456.72 -61.8578
1458.62 -61.7689
1460.52 -61.68
1462.42 -61.5904
1464.32 -61.497
1466.22 -61.4017
1468.11 -61.3042
1470.01 -61.2027
1471.91 -61.0986
1473.81 -60.9908
1475.71 -60.8784
1477.61 -60.7622
1479.51 -60.6415
1481.41 -60.5162
1483.3 -60.3868
1486.33 -60.1708
1489.35 -59.9427
1492.38 -59.7032
1498.32 -59.2004
1504.27 -58.653
1510.22 -58.082
1516.17 -57.4838
1522.11 -56.8635
1528.06 -56.2414
1534.01 -55.6194
1537.36 -55.2537
1540.71 -54.853
1541.55 -54.7349
1542.38 -54.5827
1542.59 -54.5352
1542.8 -54.479
1543.01 -54.4083
1543.22 -54.3138
1543.32 -54.25
1543.35 -54.2304
1543.37 -54.2079
1543.4 -54.1818
1543.43 -54.1513
1543.45 -54.1151
1543.48 -54.0708
1543.5 -54.014
1543.52 -53.9684
1543.53 -53.9105
1543.54 -53.8708
1543.55 -53.8228
1543.56 -53.7627
1543.57 -53.725
1543.57 -53.6807
1543.58 -53.6275
1543.58 -53.589
1543.58 -53.5445
1543.58 -53.4923
1543.59 -53.43
1543.59 -53.3859
1543.59 -53.3357
1543.59 -53.2782
1543.59 -53.2114
1543.6 -53.1331
1543.6 -53.0404
1543.6 -52.9297
1543.6 -52.7965
1543.6 -52.6353
1543.6 -52.5387
1543.6 -52.4322
1543.6 -52.315
1543.61 -52.1863
1543.61 -52.0458
1543.61 -51.8932
1543.61 -51.7285
1543.61 -51.5521
1543.61 -51.3645
1543.61 -51.1669
1543.61 -50.9602
1543.61 -50.7459
1543.61 -50.5251
1543.61 -50.3932
1543.61 -50.2598
1543.62 -50.1251
1543.62 -49.9893
1543.62 -49.8526
1543.62 -49.6229
1543.62 -49.3918
1543.62 -49.1599
1543.62 -48.9277
1543.62 -48.6955
1543.62 -48.4637
1543.62 -48.075
1543.62 -47.6886
1543.63 -47.3048
1543.63 -46.9241
1543.63 -46.5467
1543.63 -46.1725
1543.63 -45.8017
1543.63 -45.2356
1543.64 -44.3987
1543.64 -43.581
1543.64 -42.7824
1543.65 -42.0029
1543.65 -41.2424
1543.65 -40.5005
1543.66 -39.7773
1543.66 -39.0724
1543.66 -38.3857
1543.67 -37.3822
1543.68 -36.418
1543.68 -34.9343
1543.69 -33.5352
1543.7 -32.2031
1543.71 -30.9152
1543.72 -28.6574
1543.74 -26.2926
1543.75 -23.6729
1543.77 -20.6991
1543.78 -17.3465
1543.8 -13.6892
1543.81 -9.88278
1543.83 -6.13127
1543.84 -2.63819
1543.86 0.43294
1543.87 2.982
1543.89 4.97352
1543.9 6.42269
1543.92 7.37573
1543.93 7.89274
1543.95 8.03599
1543.96 7.86339
1543.98 7.42575
1543.99 6.76625
1544.02 5.2229
1544.04 3.27586
1544.07 1.02521
1544.09 -1.45477
1544.12 -4.10761
1544.14 -6.89109
1544.17 -9.77332
1544.19 -12.729
1544.22 -15.7384
1544.24 -18.789
1544.27 -21.877
1544.29 -23.968
1544.3 -25.2933
1544.31 -26.6308
1544.32 -27.9814
1544.33 -28.9282
1544.33 -29.8783
1544.34 -30.8284
1544.35 -31.7747
1544.36 -32.7135
1544.36 -33.642
1544.37 -34.5579
1544.38 -35.4596
1544.39 -36.3458
1544.4 -37.724
1544.41 -39.0578
1544.42 -40.345
1544.43 -41.5833
1544.44 -42.7709
1544.46 -43.9058
1544.47 -44.9865
1544.49 -46.5176
1544.52 -48.955
1544.54 -50.1725
1544.56 -51.2584
1544.58 -52.2286
1544.59 -53.1002
1544.62 -54.3236
1544.65 -55.3906
1544.68 -56.3423
1544.71 -57.2057
1544.74 -57.9971
1544.77 -58.7253
1544.8 -59.395
1544.83 -60.0088
1544.86 -60.5685
1544.91 -61.3998
1545.01 -62.615
1545.11 -63.4353
1545.2 -63.962
1545.3 -64.2816
1545.4 -64.4583
1545.49 -64.5364
1545.59 -64.5459
1545.69 -64.5076
1545.78 -64.4365
1545.88 -64.3436
1545.98 -64.2372
1546.07 -64.1235
1546.17 -64.0071
1546.32 -63.8258
1546.47 -63.6541
1546.62 -63.4967
1546.78 -63.3554
1546.93 -63.2301
1547.08 -63.1201
1547.23 -63.0243
1547.49 -62.8882
1547.76 -62.7826
1548.02 -62.7004
1548.28 -62.6355
1548.54 -62.5836
1548.8 -62.5412
1549.21 -62.4885
1549.62 -62.4465
1550.03 -62.4113
1550.44 -62.3802
1550.85 -62.3518
1551.49 -62.3106
1552.13 -62.272
1552.76 -62.2353
1553.4 -62.2
1554.04 -62.1656
1555.49 -62.09
1557.66 -61.9817
1559.83 -61.8782
1562.01 -61.7755
1564.18 -61.6734
1566.35 -61.5708
1568.53 -61.4654
1570.7 -61.3548
1572.87 -61.2408
1575.05 -61.1222
1577.22 -60.9985
1579.39 -60.8711
1581.57 -60.7375
1583.74 -60.5977
1585.91 -60.4526
1588.09 -60.3007
1590.26 -60.1433
1592.43 -59.9802
1594.61 -59.8102
1596.78 -59.6348
1598.95 -59.4535
1601.13 -59.2663
1603.3 -59.0739
1605.47 -58.8762
1607.65 -58.6735
1609.82 -58.4667
1613.56 -58.1001
1617.31 -57.725
1621.05 -57.3416
1624.8 -56.9534
1628.54 -56.5629
1632.28 -56.1711
1637.97 -55.5626
1639.39 -55.4079
1640.82 -55.2473
1642.24 -55.08
1643.66 -54.9028
1644.02 -54.855
1644.37 -54.8036
1644.96 -54.7093
1645.56 -54.6011
1645.71 -54.5711
1645.85 -54.5387
1646 -54.5024
1646.15 -54.4606
1646.3 -54.4115
1646.33 -54.3978
1646.37 -54.3831
1646.45 -54.345
1646.54 -54.2978
1646.58 -54.2686
1646.62 -54.2342
1646.67 -54.192
1646.69 -54.1658
1646.71 -54.1355
1646.73 -54.0995
1646.76 -54.0554
1646.77 -54.0318
1646.78 -54.0053
1646.79 -53.9748
1646.8 -53.9393
1646.81 -53.8968
1646.81 -53.8758
1646.82 -53.8527
1646.82 -53.8271
1646.83 -53.7983
1646.83 -53.7658
1646.84 -53.7336
1646.84 -53.697
1646.84 -53.6545
1646.85 -53.6042
1646.85 -53.543
1646.85 -53.5021
1646.86 -53.4553
1646.86 -53.4009
1646.86 -53.3368
1646.86 -53.2601
1646.86 -53.2061
1646.86 -53.145
1646.87 -53.0754
1646.87 -52.8865
1646.87 -52.6276
1646.87 -52.471
1646.87 -52.2891
1646.88 -52.0793
1646.88 -51.8403
1646.88 -51.5723
1646.88 -51.3821
1646.88 -51.1814
1646.88 -50.9713
1646.88 -50.7533
1646.88 -50.5286
1646.88 -50.0979
1646.89 -49.8339
1646.89 -49.5674
1646.89 -49.2993
1646.89 -49.0305
1646.89 -48.5777
1646.89 -48.1266
1646.89 -47.6784
1646.9 -47.1885
1646.9 -46.7036
1646.9 -46.224
1646.9 -45.75
1646.9 -45.2817
1646.91 -44.8191
1646.91 -44.3624
1646.91 -43.9114
1646.91 -43.4662
1646.91 -42.5788
1646.92 -41.2722
1646.93 -40.02
1646.93 -38.8213
1646.94 -37.6747
1646.94 -36.5785
1646.95 -35.5302
1646.96 -33.842
1646.97 -32.2535
1646.98 -30.7284
1646.99 -29.2216
1647 -27.6839
1647.01 -26.0672
1647.02 -24.3294
1647.03 -22.4397
1647.04 -20.3816
1647.05 -18.1564
1647.06 -15.7835
1647.07 -13.2993
1647.08 -10.7551
1647.09 -8.21202
1647.1 -5.73384
1647.11 -3.38082
1647.12 -1.20404
1647.13 0.758159
1647.14 2.48141
1647.15 3.95457
1647.16 5.17782
1647.17 6.15922
1647.18 6.91266
1647.19 7.45546
1647.2 7.80638
1647.21 8.01479
1647.24 7.65508
1647.26 6.63103
1647.28 5.72878
1647.29 4.66687
1647.31 3.47033
1647.32 2.1604
1647.34 0.754959
1647.35 -0.731125
1647.37 -2.28546
1647.38 -3.89764
1647.4 -5.55878
1647.42 -7.26126
1647.43 -8.99846
1647.45 -10.7647
1647.46 -12.5549
1647.48 -14.365
1647.49 -16.1917
1647.51 -18.0329
1647.52 -19.8877
1647.54 -21.7568
1647.55 -23.6423
1647.57 -25.5484
1647.58 -26.5314
1647.58 -27.5213
1647.59 -28.5178
1647.6 -29.5191
1647.61 -30.5221
1647.62 -31.5227
1647.62 -32.1427
1647.63 -32.759
1647.63 -33.3707
1647.64 -34.3546
1647.65 -36.1306
1647.66 -37.1617
1647.67 -38.1689
1647.68 -39.1513
1647.69 -40.1081
1647.7 -41.5599
1647.74 -44.9816
1647.76 -46.853
1647.78 -48.5227
1647.8 -49.9949
1647.83 -51.2824
1647.85 -52.4103
1647.87 -53.4062
1647.89 -54.2958
1647.92 -55.1004
1647.94 -55.8373
1647.97 -56.9256
1648.01 -57.9016
1648.05 -58.7848
1648.08 -59.583
1648.12 -60.2994
1648.15 -60.9373
1648.19 -61.5009
1648.25 -62.2693
1648.31 -62.8799
1648.37 -63.3566
1648.43 -63.7227
1648.48 -63.999
1648.54 -64.2031
1648.6 -64.3491
1648.66 -64.4486
1648.76 -64.5346
1648.86 -64.5464
1648.96 -64.5076
1649.06 -64.4344
1649.15 -64.3385
1649.25 -64.2285
1649.35 -64.1112
1649.51 -63.9218
1649.67 -63.7388
1649.82 -63.5688
1649.98 -63.4147
1650.14 -63.2778
1650.29 -63.1578
1650.53 -63.0037
1650.78 -62.8815
1651.02 -62.7845
1651.26 -62.7071
1651.5 -62.6451
1651.74 -62.5947
1652.12 -62.5326
1652.5 -62.4848
1652.88 -62.446
1653.26 -62.4129
1653.64 -62.3836
1654.02 -62.3567
1654.63 -62.3167
1655.24 -62.2795
1655.85 -62.244
1656.46 -62.2099
1657.57 -62.1499
1659.73 -62.039
1661.9 -61.9316
1664.07 -61.8272
1666.23 -61.7237
1668.4 -61.6195
1670.56 -61.5142
1672.73 -61.4056
1674.89 -61.2937
1677.06 -61.1779
1680.46 -60.9872
1682.03 -60.8937
1683.61 -60.7974
1686.07 -60.6423
1690.66 -60.3348
1692.61 -60.1899
1694.56 -60.0429
1696.52 -59.8929
1699.57 -59.6479
1700 -59.6121
1700 -59.6121
1700 -59.688
1700 -59.7632
1700.01 -59.9618
1700.01 -60.1566
1700.01 -60.3475
1700.02 -60.7358
1700.03 -61.1094
1700.04 -61.4698
1700.04 -61.8182
1700.05 -62.1558
1700.06 -62.4834
1700.07 -62.8017
1700.07 -63.1114
1700.08 -63.4129
1700.09 -63.7067
1700.1 -64.1793
1700.11 -64.6329
1700.14 -65.3822
1700.16 -66.0825
1700.18 -66.7382
1700.2 -67.353
1700.22 -67.9301
1700.26 -68.8664
1700.3 -69.7079
1700.34 -70.4668
1700.41 -71.6346
1700.47 -72.6218
1700.54 -73.4642
1700.61 -74.1881
1700.68 -74.814
1700.75 -75.358
1700.81 -75.8333
1700.88 -76.2507
1701 -76.8598
1701.12 -77.3551
1701.24 -77.7605
1701.43 -78.2752
1701.62 -78.6561
1701.81 -78.9384
1702 -79.1478
1702.19 -79.305
1702.39 -79.4251
1702.58 -79.517
1702.77 -79.5866
1702.96 -79.6391
1703.27 -79.6979
1703.58 -79.7349
1703.89 -79.7589
1704.21 -79.7745
1704.52 -79.7836
1704.83 -79.7876
1705.14 -79.7884
1705.61 -79.7859
1706.08 -79.781
1706.55 -79.7748
1707.02 -79.7677
1707.77 -79.7551
1708.51 -79.7416
1709.26 -79.7276
1710 -79.7133
1711.14 -79.6913
1713.07 -79.6536
1714.99 -79.6153
1716.91 -79.5763
1718.84 -79.5366
1722.16 -79.4673
1725.48 -79.3969
1728.8 -79.3259
1734.75 -79.1982
1744.91 -78.9825
1747.45 -78.9353
1749.99 -78.8875
1752.53 -78.8391
1756.66 -78.7629
1760.8 -78.6916
1764.94 -78.6242
1769.07 -78.5612
1776.95 -78.4519
1784.82 -78.3602
1792.7 -78.2904
1800.57 -78.224
1808.45 -78.1739
1816.33 -78.1383
1824.2 -78.105
1832.08 -78.0806
1839.95 -78.0637
1847.83 -78.0493
1855.7 -78.0379
1871.02 -78.0248
1885.44 -78.0132
1899.86 -78.0077
1914.28 -78.006
1928.69 -78.0039
1943.11 -78.0025
1957.53 -78.0017
2000 -78.0022
